java.nio.file.AccessDeniedException: C:\Users\somes\AppData\Local\ScalaCli\cache\.bsp-sockets.tmp-35660 -> C:\Users\somes\AppData\Local\ScalaCli\cache\bsp-sockets
  java.base@17.0.6/sun.nio.fs.WindowsFileCopy.move(WindowsFileCopy.java:317)
  java.base@17.0.6/sun.nio.fs.WindowsFileSystemProvider.move(WindowsFileSystemProvider.java:293)
  java.base@17.0.6/java.nio.file.Files.move(Files.java:1432)
  os.move$.apply(FileOps.scala:98)
  scala.cli.commands.shared.SharedCompilationServerOptions.socketDirectory(SharedCompilationServerOptions.scala:120)
  scala.cli.commands.shared.SharedCompilationServerOptions.bspSocketFile(SharedCompilationServerOptions.scala:140)
  scala.cli.commands.shared.SharedCompilationServerOptions.namedSocket$1$$anonfun$1(SharedCompilationServerOptions.scala:164)
  bloop.rifle.BloopRifle$.$anonfun$bsp$1(BloopRifle.scala:104)
  scala.Option.map(Option.scala:242)
  bloop.rifle.BloopRifle$.bsp(BloopRifle.scala:104)
  bloop.rifle.BloopServer$.bsp(BloopServer.scala:163)
  bloop.rifle.BloopServer$.buildServer(BloopServer.scala:186)
  scala.build.bsp.BspImpl.$anonfun$10(BspImpl.scala:424)
  scala.build.compiler.BloopCompiler.<init>(BloopCompiler.scala:15)
  scala.build.bsp.BspImpl.newBloopSession(BspImpl.scala:429)
  scala.build.bsp.BspImpl.run(BspImpl.scala:465)
  scala.cli.commands.bsp.Bsp$.runCommand$$anonfun$1(Bsp.scala:185)
  scala.runtime.function.JProcedure1.apply(JProcedure1.java:15)
  scala.runtime.function.JProcedure1.apply(JProcedure1.java:10)
  scala.build.bsp.BspThreads$.withThreads(BspThreads.scala:23)
  scala.cli.commands.bsp.Bsp$.runCommand(Bsp.scala:174)
  scala.cli.commands.bsp.Bsp$.runCommand(Bsp.scala:76)
  scala.cli.commands.ScalaCommand.run(ScalaCommand.scala:390)
  scala.cli.commands.ScalaCommand.run(ScalaCommand.scala:371)
  caseapp.core.app.CaseApp.main(CaseApp.scala:166)
  scala.cli.commands.ScalaCommand.main(ScalaCommand.scala:356)
  caseapp.core.app.CommandsEntryPoint.main(CommandsEntryPoint.scala:370)
  scala.cli.ScalaCliCommands.main(ScalaCliCommands.scala:125)
  scala.cli.ScalaCli$.main0(ScalaCli.scala:320)
  scala.cli.ScalaCli$.main(ScalaCli.scala:124)
  scala.cli.ScalaCli.main(ScalaCli.scala)
