2024.11.19 19:07:51 INFO  Started: Metals version 1.4.1 in folders 'C:\Users\somes\OneDrive\Documents\GitHub\scala' for client Visual Studio Code 1.95.3.
2024.11.19 19:07:53 WARN  Flyway upgrade recommended: H2 2.3.232 is newer than this version of Flyway and support has not been tested. The latest supported version of H2 is 2.2.224.
2024.11.19 19:07:55 INFO  no build target found for C:\Users\somes\OneDrive\Documents\GitHub\scala\HelloWorld.scala. Using presentation compiler with project's scala-library version: 3.3.4
2024.11.19 19:07:56 INFO  Running List(C:\Program Files\scala-cli-x86_64-pc-win32\scala-cli.EXE, setup-ide, C:\Users\somes\OneDrive\Documents\GitHub\scala)
2024.11.19 19:07:57 INFO  Attempting to connect to the build server...
2024.11.19 19:07:57 INFO  Running BSP server List(C:\Program Files\scala-cli-x86_64-pc-win32\scala-cli.EXE, bsp, --json-options, C:\Users\somes\OneDrive\Documents\GitHub\scala\.scala-build\ide-options-v2.json, --json-launcher-options, C:\Users\somes\OneDrive\Documents\GitHub\scala\.scala-build\ide-launcher-options.json, --envs-file, C:\Users\somes\OneDrive\Documents\GitHub\scala\.scala-build\ide-envs.json, C:\Users\somes\OneDrive\Documents\GitHub\scala)
2024.11.19 19:07:59 INFO  tracing is disabled for protocol BSP, to enable tracing of incoming and outgoing JSON messages create an empty file at C:\Users\somes\OneDrive\Documents\GitHub\scala\.metals\bsp.trace.json or C:\Users\somes\AppData\Local\scalameta\metals\cache\bsp.trace.json
2024.11.19 19:07:59 INFO  BSP server: Downloading https://repo1.maven.org/maven2/ch/epfl/scala/bloop-frontend_2.12/2.0.3/bloop-frontend_2.12-2.0.3.pom
2024.11.19 19:07:59 INFO  BSP server: Downloaded https://repo1.maven.org/maven2/ch/epfl/scala/bloop-frontend_2.12/2.0.3/bloop-frontend_2.12-2.0.3.pom
2024.11.19 19:07:59 INFO  BSP server: Downloading https://repo1.maven.org/maven2/ch/epfl/scala/bloop-config_2.12/2.0.3/bloop-config_2.12-2.0.3.pom
2024.11.19 19:07:59 INFO  BSP server: Downloading https://repo1.maven.org/maven2/io/monix/monix_2.12/3.2.0/monix_2.12-3.2.0.pom
2024.11.19 19:07:59 INFO  BSP server: Downloading https://repo1.maven.org/maven2/ch/epfl/scala/bloop-backend_2.12/2.0.3/bloop-backend_2.12-2.0.3.pom
2024.11.19 19:07:59 INFO  BSP server: Downloading https://repo1.maven.org/maven2/org/scala-lang/scala-library/2.12.20/scala-library-2.12.20.pom
2024.11.19 19:07:59 INFO  BSP server: Downloading https://repo1.maven.org/maven2/ch/epfl/scala/scala-debug-adapter_2.12/4.2.1/scala-debug-adapter_2.12-4.2.1.pom
2024.11.19 19:07:59 INFO  BSP server: Downloading https://repo1.maven.org/maven2/org/scalaz/scalaz-core_2.12/7.3.8/scalaz-core_2.12-7.3.8.pom
2024.11.19 19:07:59 INFO  BSP server: Downloaded https://repo1.maven.org/maven2/ch/epfl/scala/bloop-config_2.12/2.0.3/bloop-config_2.12-2.0.3.pom
2024.11.19 19:07:59 INFO  BSP server: Downloading https://repo1.maven.org/maven2/com/github/alexarchambault/case-app_2.12/2.0.6/case-app_2.12-2.0.6.pom
2024.11.19 19:07:59 INFO  BSP server: Downloaded https://repo1.maven.org/maven2/org/scalaz/scalaz-core_2.12/7.3.8/scalaz-core_2.12-7.3.8.pom
2024.11.19 19:07:59 INFO  BSP server: Downloaded https://repo1.maven.org/maven2/org/scala-lang/scala-library/2.12.20/scala-library-2.12.20.pom
2024.11.19 19:07:59 INFO  BSP server: Downloading https://repo1.maven.org/maven2/ch/epfl/scala/bloop-shared_2.12/2.0.3/bloop-shared_2.12-2.0.3.pom
2024.11.19 19:07:59 INFO  BSP server: Downloaded https://repo1.maven.org/maven2/io/monix/monix_2.12/3.2.0/monix_2.12-3.2.0.pom
2024.11.19 19:07:59 INFO  BSP server: Downloaded https://repo1.maven.org/maven2/ch/epfl/scala/bloop-shared_2.12/2.0.3/bloop-shared_2.12-2.0.3.pom
2024.11.19 19:07:59 INFO  BSP server: Downloading https://repo1.maven.org/maven2/ch/qos/logback/logback-classic/1.5.9/logback-classic-1.5.9.pom
2024.11.19 19:07:59 INFO  BSP server: Downloading https://repo1.maven.org/maven2/ch/epfl/scala/libdaemon_2.12/0.0.12/libdaemon_2.12-0.0.12.pom
2024.11.19 19:07:59 INFO  BSP server: Downloaded https://repo1.maven.org/maven2/ch/qos/logback/logback-classic/1.5.9/logback-classic-1.5.9.pom
2024.11.19 19:07:59 INFO  BSP server: Downloaded https://repo1.maven.org/maven2/ch/epfl/scala/libdaemon_2.12/0.0.12/libdaemon_2.12-0.0.12.pom
2024.11.19 19:07:59 INFO  BSP server: Downloaded https://repo1.maven.org/maven2/ch/epfl/scala/scala-debug-adapter_2.12/4.2.1/scala-debug-adapter_2.12-4.2.1.pom
2024.11.19 19:07:59 INFO  BSP server: Downloaded https://repo1.maven.org/maven2/ch/epfl/scala/bloop-backend_2.12/2.0.3/bloop-backend_2.12-2.0.3.pom
2024.11.19 19:07:59 INFO  BSP server: Downloaded https://repo1.maven.org/maven2/com/github/alexarchambault/case-app_2.12/2.0.6/case-app_2.12-2.0.6.pom
2024.11.19 19:07:59 INFO  BSP server: Downloading https://repo1.maven.org/maven2/ch/qos/logback/logback-parent/1.5.9/logback-parent-1.5.9.pom
2024.11.19 19:07:59 INFO  BSP server: Downloaded https://repo1.maven.org/maven2/ch/qos/logback/logback-parent/1.5.9/logback-parent-1.5.9.pom
2024.11.19 19:07:59 INFO  BSP server: Downloading https://repo1.maven.org/maven2/io/monix/monix-catnap_2.12/3.2.0/monix-catnap_2.12-3.2.0.pom
2024.11.19 19:07:59 INFO  BSP server: Downloading https://repo1.maven.org/maven2/com/github/alexarchambault/case-app-util_2.12/2.0.6/case-app-util_2.12-2.0.6.pom
2024.11.19 19:07:59 INFO  BSP server: Downloading https://repo1.maven.org/maven2/io/monix/monix-eval_2.12/3.2.0/monix-eval_2.12-3.2.0.pom
2024.11.19 19:07:59 INFO  BSP server: Downloading https://repo1.maven.org/maven2/io/zipkin/reporter2/zipkin-sender-urlconnection/2.17.2/zipkin-sender-urlconnection-2.17.2.pom
2024.11.19 19:07:59 INFO  BSP server: Downloading https://repo1.maven.org/maven2/org/ow2/asm/asm-util/9.7.1/asm-util-9.7.1.pom
2024.11.19 19:07:59 INFO  BSP server: Downloaded https://repo1.maven.org/maven2/io/monix/monix-catnap_2.12/3.2.0/monix-catnap_2.12-3.2.0.pom
2024.11.19 19:07:59 INFO  BSP server: Downloading https://repo1.maven.org/maven2/org/scala-sbt/test-agent/1.10.2/test-agent-1.10.2.pom
2024.11.19 19:07:59 INFO  BSP server: Downloaded https://repo1.maven.org/maven2/io/zipkin/reporter2/zipkin-sender-urlconnection/2.17.2/zipkin-sender-urlconnection-2.17.2.pom
2024.11.19 19:07:59 INFO  BSP server: Downloading https://repo1.maven.org/maven2/com/github/alexarchambault/case-app-annotations_2.12/2.0.6/case-app-annotations_2.12-2.0.6.pom
2024.11.19 19:07:59 INFO  BSP server: Downloaded https://repo1.maven.org/maven2/org/ow2/asm/asm-util/9.7.1/asm-util-9.7.1.pom
2024.11.19 19:07:59 INFO  BSP server: Downloading https://repo1.maven.org/maven2/io/zipkin/brave/brave/5.18.1/brave-5.18.1.pom
2024.11.19 19:07:59 INFO  BSP server: Downloaded https://repo1.maven.org/maven2/io/monix/monix-eval_2.12/3.2.0/monix-eval_2.12-3.2.0.pom
2024.11.19 19:07:59 INFO  BSP server: Downloading https://repo1.maven.org/maven2/ch/qos/logback/logback-core/1.5.9/logback-core-1.5.9.pom
2024.11.19 19:07:59 INFO  BSP server: Downloaded https://repo1.maven.org/maven2/com/github/alexarchambault/case-app-annotations_2.12/2.0.6/case-app-annotations_2.12-2.0.6.pom
2024.11.19 19:07:59 INFO  BSP server: Downloading https://repo1.maven.org/maven2/net/jpountz/lz4/lz4/1.3.0/lz4-1.3.0.pom
2024.11.19 19:07:59 INFO  BSP server: Downloaded https://repo1.maven.org/maven2/org/scala-sbt/test-agent/1.10.2/test-agent-1.10.2.pom
2024.11.19 19:07:59 INFO  BSP server: Downloading https://repo1.maven.org/maven2/com/lihaoyi/unroll-annotation_2.12/0.1.12/unroll-annotation_2.12-0.1.12.pom
2024.11.19 19:07:59 INFO  BSP server: Downloaded https://repo1.maven.org/maven2/io/zipkin/brave/brave/5.18.1/brave-5.18.1.pom
2024.11.19 19:07:59 INFO  BSP server: Downloading https://repo1.maven.org/maven2/com/github/plokhotnyuk/jsoniter-scala/jsoniter-scala-core_2.12/2.13.3.2/jsoniter-scala-core_2.12-2.13.3.2.pom
2024.11.19 19:07:59 INFO  BSP server: Downloading https://repo1.maven.org/maven2/org/ow2/asm/asm/9.7.1/asm-9.7.1.pom
2024.11.19 19:07:59 INFO  BSP server: Downloaded https://repo1.maven.org/maven2/com/github/plokhotnyuk/jsoniter-scala/jsoniter-scala-core_2.12/2.13.3.2/jsoniter-scala-core_2.12-2.13.3.2.pom
2024.11.19 19:07:59 INFO  BSP server: Downloading https://repo1.maven.org/maven2/ch/epfl/scala/directory-watcher/0.8.0+6-f651bd93/directory-watcher-0.8.0+6-f651bd93.pom
2024.11.19 19:07:59 INFO  BSP server: Downloaded https://repo1.maven.org/maven2/com/lihaoyi/unroll-annotation_2.12/0.1.12/unroll-annotation_2.12-0.1.12.pom
2024.11.19 19:07:59 INFO  BSP server: Downloading https://repo1.maven.org/maven2/org/scala-sbt/zinc_2.12/1.10.2/zinc_2.12-1.10.2.pom
2024.11.19 19:07:59 INFO  BSP server: Downloaded https://repo1.maven.org/maven2/com/github/alexarchambault/case-app-util_2.12/2.0.6/case-app-util_2.12-2.0.6.pom
2024.11.19 19:07:59 INFO  BSP server: Downloading https://repo1.maven.org/maven2/org/scala-sbt/librarymanagement-ivy_2.12/1.10.1/librarymanagement-ivy_2.12-1.10.1.pom
2024.11.19 19:07:59 INFO  BSP server: Downloaded https://repo1.maven.org/maven2/org/ow2/asm/asm/9.7.1/asm-9.7.1.pom
2024.11.19 19:07:59 INFO  BSP server: Downloading https://repo1.maven.org/maven2/com/lihaoyi/sourcecode_2.12/0.4.2/sourcecode_2.12-0.4.2.pom
2024.11.19 19:07:59 INFO  BSP server: Downloaded https://repo1.maven.org/maven2/net/jpountz/lz4/lz4/1.3.0/lz4-1.3.0.pom
2024.11.19 19:07:59 INFO  BSP server: Downloading https://repo1.maven.org/maven2/io/monix/monix-java_2.12/3.2.0/monix-java_2.12-3.2.0.pom
2024.11.19 19:07:59 INFO  BSP server: Downloaded https://repo1.maven.org/maven2/ch/qos/logback/logback-core/1.5.9/logback-core-1.5.9.pom
2024.11.19 19:07:59 INFO  BSP server: Downloading https://repo1.maven.org/maven2/org/scala-lang/scala-reflect/2.12.20/scala-reflect-2.12.20.pom
2024.11.19 19:07:59 INFO  BSP server: Downloaded https://repo1.maven.org/maven2/org/scala-sbt/zinc_2.12/1.10.2/zinc_2.12-1.10.2.pom
2024.11.19 19:07:59 INFO  BSP server: Downloaded https://repo1.maven.org/maven2/org/scala-sbt/librarymanagement-ivy_2.12/1.10.1/librarymanagement-ivy_2.12-1.10.1.pom
2024.11.19 19:07:59 INFO  BSP server: Downloading https://repo1.maven.org/maven2/com/lihaoyi/pprint_2.12/0.9.0/pprint_2.12-0.9.0.pom
2024.11.19 19:07:59 INFO  BSP server: Downloaded https://repo1.maven.org/maven2/io/monix/monix-java_2.12/3.2.0/monix-java_2.12-3.2.0.pom
2024.11.19 19:07:59 INFO  BSP server: Downloading https://repo1.maven.org/maven2/io/monix/monix-execution_2.12/3.2.0/monix-execution_2.12-3.2.0.pom
2024.11.19 19:07:59 INFO  BSP server: Downloaded https://repo1.maven.org/maven2/org/scala-lang/scala-reflect/2.12.20/scala-reflect-2.12.20.pom
2024.11.19 19:07:59 INFO  BSP server: Downloading https://repo1.maven.org/maven2/org/apache/logging/log4j/log4j-core/2.23.0/log4j-core-2.23.0.pom
2024.11.19 19:07:59 INFO  BSP server: Downloaded https://repo1.maven.org/maven2/com/lihaoyi/pprint_2.12/0.9.0/pprint_2.12-0.9.0.pom
2024.11.19 19:07:59 INFO  BSP server: Downloading https://repo1.maven.org/maven2/org/slf4j/slf4j-api/2.0.15/slf4j-api-2.0.15.pom
2024.11.19 19:07:59 INFO  BSP server: Downloaded https://repo1.maven.org/maven2/io/monix/monix-execution_2.12/3.2.0/monix-execution_2.12-3.2.0.pom
2024.11.19 19:07:59 INFO  BSP server: Downloading https://repo1.maven.org/maven2/ch/epfl/scala/bsp4s_2.12/2.1.1/bsp4s_2.12-2.1.1.pom
2024.11.19 19:07:59 INFO  BSP server: Downloaded https://repo1.maven.org/maven2/org/apache/logging/log4j/log4j-core/2.23.0/log4j-core-2.23.0.pom
2024.11.19 19:07:59 INFO  BSP server: Downloading https://repo1.maven.org/maven2/io/get-coursier/interface/1.0.21/interface-1.0.21.pom
2024.11.19 19:07:59 INFO  BSP server: Downloaded https://repo1.maven.org/maven2/org/slf4j/slf4j-api/2.0.15/slf4j-api-2.0.15.pom
2024.11.19 19:07:59 INFO  BSP server: Downloading https://repo1.maven.org/maven2/io/github/alexarchambault/bleep/nailgun-server/1.0.7/nailgun-server-1.0.7.pom
2024.11.19 19:07:59 INFO  BSP server: Downloaded https://repo1.maven.org/maven2/ch/epfl/scala/bsp4s_2.12/2.1.1/bsp4s_2.12-2.1.1.pom
2024.11.19 19:07:59 INFO  BSP server: Downloading https://repo1.maven.org/maven2/com/github/plokhotnyuk/jsoniter-scala/jsoniter-scala-macros_2.12/2.13.3.2/jsoniter-scala-macros_2.12-2.13.3.2.pom
2024.11.19 19:07:59 INFO  BSP server: Downloaded https://repo1.maven.org/maven2/io/get-coursier/interface/1.0.21/interface-1.0.21.pom
2024.11.19 19:08:00 INFO  BSP server: Downloaded https://repo1.maven.org/maven2/io/github/alexarchambault/bleep/nailgun-server/1.0.7/nailgun-server-1.0.7.pom
2024.11.19 19:08:00 INFO  BSP server: Downloaded https://repo1.maven.org/maven2/com/github/plokhotnyuk/jsoniter-scala/jsoniter-scala-macros_2.12/2.13.3.2/jsoniter-scala-macros_2.12-2.13.3.2.pom
2024.11.19 19:08:00 INFO  BSP server: Downloading https://repo1.maven.org/maven2/io/monix/monix-reactive_2.12/3.2.0/monix-reactive_2.12-3.2.0.pom
2024.11.19 19:08:00 INFO  BSP server: Downloading https://repo1.maven.org/maven2/org/scalameta/parsers_2.12/4.9.9/parsers_2.12-4.9.9.pom
2024.11.19 19:08:00 INFO  BSP server: Downloaded https://repo1.maven.org/maven2/com/lihaoyi/sourcecode_2.12/0.4.2/sourcecode_2.12-0.4.2.pom
2024.11.19 19:08:00 INFO  BSP server: Downloading https://repo1.maven.org/maven2/org/zeroturnaround/zt-zip/1.17/zt-zip-1.17.pom
2024.11.19 19:08:00 INFO  BSP server: Downloaded https://repo1.maven.org/maven2/ch/epfl/scala/directory-watcher/0.8.0+6-f651bd93/directory-watcher-0.8.0+6-f651bd93.pom
2024.11.19 19:08:00 INFO  BSP server: Downloaded https://repo1.maven.org/maven2/io/monix/monix-reactive_2.12/3.2.0/monix-reactive_2.12-3.2.0.pom
2024.11.19 19:08:00 INFO  BSP server: Downloading https://repo1.maven.org/maven2/org/scala-lang/modules/scala-collection-compat_2.12/2.12.0/scala-collection-compat_2.12-2.12.0.pom
2024.11.19 19:08:00 INFO  BSP server: Downloaded https://repo1.maven.org/maven2/org/scalameta/parsers_2.12/4.9.9/parsers_2.12-4.9.9.pom
2024.11.19 19:08:00 INFO  BSP server: Downloaded https://repo1.maven.org/maven2/org/zeroturnaround/zt-zip/1.17/zt-zip-1.17.pom
2024.11.19 19:08:00 INFO  BSP server: Downloading https://repo1.maven.org/maven2/io/monix/monix-tail_2.12/3.2.0/monix-tail_2.12-3.2.0.pom
2024.11.19 19:08:00 INFO  BSP server: Downloaded https://repo1.maven.org/maven2/io/monix/monix-tail_2.12/3.2.0/monix-tail_2.12-3.2.0.pom
2024.11.19 19:08:00 INFO  BSP server: Downloaded https://repo1.maven.org/maven2/org/scala-lang/modules/scala-collection-compat_2.12/2.12.0/scala-collection-compat_2.12-2.12.0.pom
2024.11.19 19:08:00 INFO  BSP server: Downloading https://repo1.maven.org/maven2/org/apache/logging/log4j/log4j/2.23.0/log4j-2.23.0.pom
2024.11.19 19:08:00 INFO  BSP server: Downloading https://repo1.maven.org/maven2/io/zipkin/brave/brave-parent/5.18.1/brave-parent-5.18.1.pom
2024.11.19 19:08:00 INFO  BSP server: Downloading https://repo1.maven.org/maven2/io/zipkin/reporter2/zipkin-reporter-parent/2.17.2/zipkin-reporter-parent-2.17.2.pom
2024.11.19 19:08:00 INFO  BSP server: Downloading https://repo1.maven.org/maven2/org/slf4j/slf4j-parent/2.0.15/slf4j-parent-2.0.15.pom
2024.11.19 19:08:00 INFO  BSP server: Downloaded https://repo1.maven.org/maven2/io/zipkin/reporter2/zipkin-reporter-parent/2.17.2/zipkin-reporter-parent-2.17.2.pom
2024.11.19 19:08:00 INFO  BSP server: Downloaded https://repo1.maven.org/maven2/org/apache/logging/log4j/log4j/2.23.0/log4j-2.23.0.pom
2024.11.19 19:08:00 INFO  BSP server: Downloaded https://repo1.maven.org/maven2/io/zipkin/brave/brave-parent/5.18.1/brave-parent-5.18.1.pom
2024.11.19 19:08:00 INFO  BSP server: Downloaded https://repo1.maven.org/maven2/org/slf4j/slf4j-parent/2.0.15/slf4j-parent-2.0.15.pom
2024.11.19 19:08:00 INFO  BSP server: Downloading https://repo1.maven.org/maven2/org/slf4j/slf4j-bom/2.0.15/slf4j-bom-2.0.15.pom
2024.11.19 19:08:00 INFO  BSP server: Downloading https://repo1.maven.org/maven2/org/apache/logging/log4j/log4j-bom/2.23.0/log4j-bom-2.23.0.pom
2024.11.19 19:08:00 INFO  BSP server: Downloaded https://repo1.maven.org/maven2/org/slf4j/slf4j-bom/2.0.15/slf4j-bom-2.0.15.pom
2024.11.19 19:08:00 INFO  BSP server: Downloaded https://repo1.maven.org/maven2/org/apache/logging/log4j/log4j-bom/2.23.0/log4j-bom-2.23.0.pom
2024.11.19 19:08:00 INFO  BSP server: Downloading https://repo1.maven.org/maven2/org/apache/logging/logging-parent/10.6.0/logging-parent-10.6.0.pom
2024.11.19 19:08:00 INFO  BSP server: Downloaded https://repo1.maven.org/maven2/org/apache/logging/logging-parent/10.6.0/logging-parent-10.6.0.pom
2024.11.19 19:08:00 INFO  BSP server: Downloading https://repo1.maven.org/maven2/org/mockito/mockito-bom/4.11.0/mockito-bom-4.11.0.pom
2024.11.19 19:08:00 INFO  BSP server: Downloading https://repo1.maven.org/maven2/com/fasterxml/jackson/jackson-bom/2.16.1/jackson-bom-2.16.1.pom
2024.11.19 19:08:00 INFO  BSP server: Downloading https://repo1.maven.org/maven2/org/codehaus/groovy/groovy-bom/3.0.20/groovy-bom-3.0.20.pom
2024.11.19 19:08:00 INFO  BSP server: Downloading https://repo1.maven.org/maven2/io/netty/netty-bom/4.1.107.Final/netty-bom-4.1.107.Final.pom
2024.11.19 19:08:00 INFO  BSP server: Downloading https://repo1.maven.org/maven2/org/springframework/spring-framework-bom/5.3.32/spring-framework-bom-5.3.32.pom
2024.11.19 19:08:00 INFO  BSP server: Downloading https://repo1.maven.org/maven2/jakarta/platform/jakarta.jakartaee-bom/9.1.0/jakarta.jakartaee-bom-9.1.0.pom
2024.11.19 19:08:00 INFO  BSP server: Downloaded https://repo1.maven.org/maven2/org/mockito/mockito-bom/4.11.0/mockito-bom-4.11.0.pom
2024.11.19 19:08:00 INFO  BSP server: Downloaded https://repo1.maven.org/maven2/com/fasterxml/jackson/jackson-bom/2.16.1/jackson-bom-2.16.1.pom
2024.11.19 19:08:00 INFO  BSP server: Downloading https://repo1.maven.org/maven2/io/fabric8/kubernetes-client-bom/5.12.4/kubernetes-client-bom-5.12.4.pom
2024.11.19 19:08:00 INFO  BSP server: Downloading https://repo1.maven.org/maven2/org/eclipse/jetty/jetty-bom/9.4.54.v20240208/jetty-bom-9.4.54.v20240208.pom
2024.11.19 19:08:00 INFO  BSP server: Downloaded https://repo1.maven.org/maven2/io/netty/netty-bom/4.1.107.Final/netty-bom-4.1.107.Final.pom
2024.11.19 19:08:00 INFO  BSP server: Downloaded https://repo1.maven.org/maven2/org/springframework/spring-framework-bom/5.3.32/spring-framework-bom-5.3.32.pom
2024.11.19 19:08:00 INFO  BSP server: Downloaded https://repo1.maven.org/maven2/io/fabric8/kubernetes-client-bom/5.12.4/kubernetes-client-bom-5.12.4.pom
2024.11.19 19:08:00 INFO  BSP server: Downloaded https://repo1.maven.org/maven2/org/codehaus/groovy/groovy-bom/3.0.20/groovy-bom-3.0.20.pom
2024.11.19 19:08:01 INFO  BSP server: Downloaded https://repo1.maven.org/maven2/org/eclipse/jetty/jetty-bom/9.4.54.v20240208/jetty-bom-9.4.54.v20240208.pom
2024.11.19 19:08:01 INFO  BSP server: Downloaded https://repo1.maven.org/maven2/jakarta/platform/jakarta.jakartaee-bom/9.1.0/jakarta.jakartaee-bom-9.1.0.pom
2024.11.19 19:08:01 INFO  BSP server: Downloading https://repo1.maven.org/maven2/jakarta/platform/jakartaee-api-parent/9.1.0/jakartaee-api-parent-9.1.0.pom
2024.11.19 19:08:01 INFO  BSP server: Downloading https://repo1.maven.org/maven2/com/fasterxml/jackson/jackson-parent/2.16/jackson-parent-2.16.pom
2024.11.19 19:08:01 INFO  BSP server: Downloaded https://repo1.maven.org/maven2/jakarta/platform/jakartaee-api-parent/9.1.0/jakartaee-api-parent-9.1.0.pom
2024.11.19 19:08:01 INFO  BSP server: Downloaded https://repo1.maven.org/maven2/com/fasterxml/jackson/jackson-parent/2.16/jackson-parent-2.16.pom
2024.11.19 19:08:01 INFO  BSP server: Downloading https://repo1.maven.org/maven2/com/fasterxml/oss-parent/56/oss-parent-56.pom
2024.11.19 19:08:02 INFO  no build target found for C:\Users\somes\OneDrive\Documents\GitHub\scala\HelloWorld.scala. Using presentation compiler with project's scala-library version: 3.3.4
2024.11.19 19:08:01 INFO  BSP server: Downloading https://repo1.maven.org/maven2/org/eclipse/ee4j/project/1.0.7/project-1.0.7.pom
2024.11.19 19:08:01 INFO  BSP server: Downloaded https://repo1.maven.org/maven2/com/fasterxml/oss-parent/56/oss-parent-56.pom
2024.11.19 19:08:01 INFO  BSP server: Downloaded https://repo1.maven.org/maven2/org/eclipse/ee4j/project/1.0.7/project-1.0.7.pom
2024.11.19 19:08:01 INFO  BSP server: Downloading https://repo1.maven.org/maven2/org/scalameta/trees_2.12/4.9.9/trees_2.12-4.9.9.pom
2024.11.19 19:08:01 INFO  BSP server: Downloading https://repo1.maven.org/maven2/io/zipkin/reporter2/zipkin-reporter-brave/2.17.2/zipkin-reporter-brave-2.17.2.pom
2024.11.19 19:08:01 INFO  BSP server: Downloading https://repo1.maven.org/maven2/me/vican/jorge/jsonrpc4s_2.12/0.1.0/jsonrpc4s_2.12-0.1.0.pom
2024.11.19 19:08:01 INFO  BSP server: Downloading https://repo1.maven.org/maven2/org/scala-sbt/zinc-classfile_2.12/1.10.2/zinc-classfile_2.12-1.10.2.pom
2024.11.19 19:08:01 INFO  BSP server: Downloading https://repo1.maven.org/maven2/org/jctools/jctools-core/2.1.2/jctools-core-2.1.2.pom
2024.11.19 19:08:01 INFO  BSP server: Downloading https://repo1.maven.org/maven2/com/eed3si9n/sjson-new-core_2.12/0.9.0/sjson-new-core_2.12-0.9.0.pom
2024.11.19 19:08:01 INFO  BSP server: Downloaded https://repo1.maven.org/maven2/org/scalameta/trees_2.12/4.9.9/trees_2.12-4.9.9.pom
2024.11.19 19:08:01 INFO  BSP server: Downloading https://repo1.maven.org/maven2/io/zipkin/reporter2/zipkin-reporter/2.17.2/zipkin-reporter-2.17.2.pom
2024.11.19 19:08:01 INFO  BSP server: Downloaded https://repo1.maven.org/maven2/me/vican/jorge/jsonrpc4s_2.12/0.1.0/jsonrpc4s_2.12-0.1.0.pom
2024.11.19 19:08:01 INFO  BSP server: Downloaded https://repo1.maven.org/maven2/org/jctools/jctools-core/2.1.2/jctools-core-2.1.2.pom
2024.11.19 19:08:01 INFO  BSP server: Downloaded https://repo1.maven.org/maven2/org/scala-sbt/zinc-classfile_2.12/1.10.2/zinc-classfile_2.12-1.10.2.pom
2024.11.19 19:08:01 INFO  BSP server: Downloading https://repo1.maven.org/maven2/org/scala-sbt/zinc-compile-core_2.12/1.10.2/zinc-compile-core_2.12-1.10.2.pom
2024.11.19 19:08:01 INFO  BSP server: Downloading https://repo1.maven.org/maven2/net/java/dev/jna/jna-platform/4.4.0/jna-platform-4.4.0.pom
2024.11.19 19:08:01 INFO  BSP server: Downloading https://repo1.maven.org/maven2/org/ow2/asm/asm-tree/9.7.1/asm-tree-9.7.1.pom
2024.11.19 19:08:01 INFO  BSP server: Downloaded https://repo1.maven.org/maven2/io/zipkin/reporter2/zipkin-reporter/2.17.2/zipkin-reporter-2.17.2.pom
2024.11.19 19:08:01 INFO  BSP server: Downloading https://repo1.maven.org/maven2/org/ow2/asm/asm-analysis/9.7.1/asm-analysis-9.7.1.pom
2024.11.19 19:08:01 INFO  BSP server: Downloaded https://repo1.maven.org/maven2/org/ow2/asm/asm-tree/9.7.1/asm-tree-9.7.1.pom
2024.11.19 19:08:01 INFO  BSP server: Downloading https://repo1.maven.org/maven2/org/typelevel/cats-effect_2.12/2.1.3/cats-effect_2.12-2.1.3.pom
2024.11.19 19:08:01 INFO  BSP server: Downloaded https://repo1.maven.org/maven2/org/ow2/asm/asm-analysis/9.7.1/asm-analysis-9.7.1.pom
2024.11.19 19:08:01 INFO  BSP server: Downloading https://repo1.maven.org/maven2/io/monix/implicitbox_2.12/0.2.0/implicitbox_2.12-0.2.0.pom
2024.11.19 19:08:01 INFO  BSP server: Downloaded https://repo1.maven.org/maven2/org/typelevel/cats-effect_2.12/2.1.3/cats-effect_2.12-2.1.3.pom
2024.11.19 19:08:01 INFO  BSP server: Downloading https://repo1.maven.org/maven2/org/apache/logging/log4j/log4j-api/2.23.0/log4j-api-2.23.0.pom
2024.11.19 19:08:01 INFO  BSP server: Downloaded https://repo1.maven.org/maven2/io/monix/implicitbox_2.12/0.2.0/implicitbox_2.12-0.2.0.pom
2024.11.19 19:08:01 INFO  BSP server: Downloading https://repo1.maven.org/maven2/com/chuusai/shapeless_2.12/2.3.3/shapeless_2.12-2.3.3.pom
2024.11.19 19:08:01 INFO  BSP server: Downloaded https://repo1.maven.org/maven2/org/apache/logging/log4j/log4j-api/2.23.0/log4j-api-2.23.0.pom
2024.11.19 19:08:01 INFO  BSP server: Downloading https://repo1.maven.org/maven2/org/scala-sbt/zinc-core_2.12/1.10.2/zinc-core_2.12-1.10.2.pom
2024.11.19 19:08:01 INFO  BSP server: Downloaded https://repo1.maven.org/maven2/com/eed3si9n/sjson-new-core_2.12/0.9.0/sjson-new-core_2.12-0.9.0.pom
2024.11.19 19:08:01 INFO  BSP server: Downloading https://repo1.maven.org/maven2/net/java/dev/jna/jna/4.5.2/jna-4.5.2.pom
2024.11.19 19:08:01 INFO  BSP server: Downloaded https://repo1.maven.org/maven2/com/chuusai/shapeless_2.12/2.3.3/shapeless_2.12-2.3.3.pom
2024.11.19 19:08:01 INFO  BSP server: Downloading https://repo1.maven.org/maven2/org/scala-sbt/librarymanagement-core_2.12/1.10.1/librarymanagement-core_2.12-1.10.1.pom
2024.11.19 19:08:01 INFO  BSP server: Downloaded https://repo1.maven.org/maven2/org/scala-sbt/zinc-core_2.12/1.10.2/zinc-core_2.12-1.10.2.pom
2024.11.19 19:08:01 INFO  BSP server: Downloading https://repo1.maven.org/maven2/com/lihaoyi/fansi_2.12/0.5.0/fansi_2.12-0.5.0.pom
2024.11.19 19:08:01 INFO  BSP server: Downloaded https://repo1.maven.org/maven2/org/scala-sbt/librarymanagement-core_2.12/1.10.1/librarymanagement-core_2.12-1.10.1.pom
2024.11.19 19:08:01 INFO  BSP server: Downloaded https://repo1.maven.org/maven2/net/java/dev/jna/jna/4.5.2/jna-4.5.2.pom
2024.11.19 19:08:01 INFO  BSP server: Downloading https://repo1.maven.org/maven2/org/scala-sbt/ivy/ivy/2.3.0-sbt-396a783bba347016e7fe30dacc60d355be607fe2/ivy-2.3.0-sbt-396a783bba347016e7fe30dacc60d355be607fe2.pom
2024.11.19 19:08:01 INFO  BSP server: Downloaded https://repo1.maven.org/maven2/io/zipkin/reporter2/zipkin-reporter-brave/2.17.2/zipkin-reporter-brave-2.17.2.pom
2024.11.19 19:08:01 INFO  BSP server: Downloading https://repo1.maven.org/maven2/org/scala-sbt/zinc-persist_2.12/1.10.2/zinc-persist_2.12-1.10.2.pom
2024.11.19 19:08:01 INFO  BSP server: Downloading https://repo1.maven.org/maven2/io/zipkin/zipkin2/zipkin/2.27.0/zipkin-2.27.0.pom
2024.11.19 19:08:01 INFO  BSP server: Downloaded https://repo1.maven.org/maven2/com/lihaoyi/fansi_2.12/0.5.0/fansi_2.12-0.5.0.pom
2024.11.19 19:08:01 INFO  BSP server: Downloaded https://repo1.maven.org/maven2/net/java/dev/jna/jna-platform/4.4.0/jna-platform-4.4.0.pom
2024.11.19 19:08:01 INFO  BSP server: Downloaded https://repo1.maven.org/maven2/org/scala-sbt/zinc-compile-core_2.12/1.10.2/zinc-compile-core_2.12-1.10.2.pom
2024.11.19 19:08:01 INFO  BSP server: Downloaded https://repo1.maven.org/maven2/org/scala-sbt/zinc-persist_2.12/1.10.2/zinc-persist_2.12-1.10.2.pom
2024.11.19 19:08:01 INFO  BSP server: Downloaded https://repo1.maven.org/maven2/org/scala-sbt/ivy/ivy/2.3.0-sbt-396a783bba347016e7fe30dacc60d355be607fe2/ivy-2.3.0-sbt-396a783bba347016e7fe30dacc60d355be607fe2.pom
2024.11.19 19:08:01 INFO  BSP server: Downloaded https://repo1.maven.org/maven2/io/zipkin/zipkin2/zipkin/2.27.0/zipkin-2.27.0.pom
2024.11.19 19:08:01 INFO  BSP server: Downloading https://repo1.maven.org/maven2/io/zipkin/zipkin-parent/2.27.0/zipkin-parent-2.27.0.pom
2024.11.19 19:08:01 INFO  BSP server: Downloaded https://repo1.maven.org/maven2/io/zipkin/zipkin-parent/2.27.0/zipkin-parent-2.27.0.pom
2024.11.19 19:08:01 INFO  BSP server: Downloading https://repo1.maven.org/maven2/com/google/errorprone/error_prone_annotations/2.27.0/error_prone_annotations-2.27.0.pom
2024.11.19 19:08:01 INFO  BSP server: Downloading https://repo1.maven.org/maven2/org/scala-lang/modules/scala-parser-combinators_2.12/1.1.2/scala-parser-combinators_2.12-1.1.2.pom
2024.11.19 19:08:01 INFO  BSP server: Downloading https://repo1.maven.org/maven2/org/typelevel/cats-core_2.12/2.1.1/cats-core_2.12-2.1.1.pom
2024.11.19 19:08:01 INFO  BSP server: Downloading https://repo1.maven.org/maven2/org/scala-sbt/util-cache_2.12/1.10.0/util-cache_2.12-1.10.0.pom
2024.11.19 19:08:01 INFO  BSP server: Downloading https://repo1.maven.org/maven2/org/scala-sbt/util-logging_2.12/1.10.1/util-logging_2.12-1.10.1.pom
2024.11.19 19:08:01 INFO  BSP server: Downloading https://repo1.maven.org/maven2/com/github/mwiede/jsch/0.2.17/jsch-0.2.17.pom
2024.11.19 19:08:01 INFO  BSP server: Downloaded https://repo1.maven.org/maven2/org/typelevel/cats-core_2.12/2.1.1/cats-core_2.12-2.1.1.pom
2024.11.19 19:08:01 INFO  BSP server: Downloading https://repo1.maven.org/maven2/org/scala-sbt/compiler-interface/1.10.2/compiler-interface-1.10.2.pom
2024.11.19 19:08:01 INFO  BSP server: Downloaded https://repo1.maven.org/maven2/org/scala-lang/modules/scala-parser-combinators_2.12/1.1.2/scala-parser-combinators_2.12-1.1.2.pom
2024.11.19 19:08:01 INFO  BSP server: Downloading https://repo1.maven.org/maven2/org/scala-sbt/zinc-classpath_2.12/1.10.2/zinc-classpath_2.12-1.10.2.pom
2024.11.19 19:08:01 INFO  BSP server: Downloaded https://repo1.maven.org/maven2/org/scala-sbt/util-cache_2.12/1.10.0/util-cache_2.12-1.10.0.pom
2024.11.19 19:08:01 INFO  BSP server: Downloading https://repo1.maven.org/maven2/org/scala-sbt/util-relation_2.12/1.10.1/util-relation_2.12-1.10.1.pom
2024.11.19 19:08:01 INFO  BSP server: Downloaded https://repo1.maven.org/maven2/com/google/errorprone/error_prone_annotations/2.27.0/error_prone_annotations-2.27.0.pom
2024.11.19 19:08:01 INFO  BSP server: Downloading https://repo1.maven.org/maven2/org/scala-lang/modules/scala-xml_2.12/2.3.0/scala-xml_2.12-2.3.0.pom
2024.11.19 19:08:01 INFO  BSP server: Downloaded https://repo1.maven.org/maven2/org/scala-sbt/util-logging_2.12/1.10.1/util-logging_2.12-1.10.1.pom
2024.11.19 19:08:01 INFO  BSP server: Downloading https://repo1.maven.org/maven2/com/outr/scribe_2.12/3.5.5/scribe_2.12-3.5.5.pom
2024.11.19 19:08:01 INFO  BSP server: Downloaded https://repo1.maven.org/maven2/org/scala-sbt/zinc-classpath_2.12/1.10.2/zinc-classpath_2.12-1.10.2.pom
2024.11.19 19:08:01 INFO  BSP server: Downloading https://repo1.maven.org/maven2/com/eed3si9n/gigahorse-apache-http_2.12/0.7.0/gigahorse-apache-http_2.12-0.7.0.pom
2024.11.19 19:08:01 INFO  BSP server: Downloaded https://repo1.maven.org/maven2/org/scala-sbt/util-relation_2.12/1.10.1/util-relation_2.12-1.10.1.pom
2024.11.19 19:08:02 INFO  BSP server: Downloaded https://repo1.maven.org/maven2/org/scala-sbt/compiler-interface/1.10.2/compiler-interface-1.10.2.pom
2024.11.19 19:08:02 INFO  BSP server: Downloading https://repo1.maven.org/maven2/org/scala-sbt/sbinary_2.12/0.5.1/sbinary_2.12-0.5.1.pom
2024.11.19 19:08:02 INFO  BSP server: Downloaded https://repo1.maven.org/maven2/org/scala-lang/modules/scala-xml_2.12/2.3.0/scala-xml_2.12-2.3.0.pom
2024.11.19 19:08:02 INFO  BSP server: Downloading https://repo1.maven.org/maven2/net/openhft/zero-allocation-hashing/0.16/zero-allocation-hashing-0.16.pom
2024.11.19 19:08:02 INFO  BSP server: Downloading https://repo1.maven.org/maven2/org/scala-sbt/util-position_2.12/1.10.0/util-position_2.12-1.10.0.pom
2024.11.19 19:08:02 INFO  BSP server: Downloaded https://repo1.maven.org/maven2/com/outr/scribe_2.12/3.5.5/scribe_2.12-3.5.5.pom
2024.11.19 19:08:02 INFO  BSP server: Downloading https://repo1.maven.org/maven2/org/scala-sbt/util-control_2.12/1.10.1/util-control_2.12-1.10.1.pom
2024.11.19 19:08:02 INFO  BSP server: Downloaded https://repo1.maven.org/maven2/net/openhft/zero-allocation-hashing/0.16/zero-allocation-hashing-0.16.pom
2024.11.19 19:08:02 INFO  BSP server: Downloading https://repo1.maven.org/maven2/org/typelevel/macro-compat_2.12/1.1.1/macro-compat_2.12-1.1.1.pom
2024.11.19 19:08:02 INFO  BSP server: Downloaded https://repo1.maven.org/maven2/com/github/mwiede/jsch/0.2.17/jsch-0.2.17.pom
2024.11.19 19:08:02 INFO  BSP server: Downloading https://repo1.maven.org/maven2/org/scala-sbt/zinc-persist-core-assembly/1.10.2/zinc-persist-core-assembly-1.10.2.pom
2024.11.19 19:08:02 INFO  BSP server: Downloaded https://repo1.maven.org/maven2/com/eed3si9n/gigahorse-apache-http_2.12/0.7.0/gigahorse-apache-http_2.12-0.7.0.pom
2024.11.19 19:08:02 INFO  BSP server: Downloading https://repo1.maven.org/maven2/org/scalameta/common_2.12/4.9.9/common_2.12-4.9.9.pom
2024.11.19 19:08:02 INFO  BSP server: Downloaded https://repo1.maven.org/maven2/org/scala-sbt/util-control_2.12/1.10.1/util-control_2.12-1.10.1.pom
2024.11.19 19:08:02 INFO  BSP server: Downloading https://repo1.maven.org/maven2/org/scala-sbt/zinc-apiinfo_2.12/1.10.2/zinc-apiinfo_2.12-1.10.2.pom
2024.11.19 19:08:02 INFO  BSP server: Downloaded https://repo1.maven.org/maven2/org/scala-sbt/sbinary_2.12/0.5.1/sbinary_2.12-0.5.1.pom
2024.11.19 19:08:02 INFO  BSP server: Downloading https://repo1.maven.org/maven2/org/scala-lang/scala-compiler/2.12.20/scala-compiler-2.12.20.pom
2024.11.19 19:08:02 INFO  BSP server: Downloaded https://repo1.maven.org/maven2/org/scalameta/common_2.12/4.9.9/common_2.12-4.9.9.pom
2024.11.19 19:08:02 INFO  BSP server: Downloaded https://repo1.maven.org/maven2/org/scala-sbt/zinc-apiinfo_2.12/1.10.2/zinc-apiinfo_2.12-1.10.2.pom
2024.11.19 19:08:02 INFO  BSP server: Downloading https://repo1.maven.org/maven2/org/scala-sbt/io_2.12/1.10.0/io_2.12-1.10.0.pom
2024.11.19 19:08:02 INFO  BSP server: Downloaded https://repo1.maven.org/maven2/org/scala-sbt/util-position_2.12/1.10.0/util-position_2.12-1.10.0.pom
2024.11.19 19:08:02 INFO  BSP server: Downloading https://repo1.maven.org/maven2/org/scala-sbt/launcher-interface/1.4.3/launcher-interface-1.4.3.pom
2024.11.19 19:08:02 INFO  BSP server: Downloaded https://repo1.maven.org/maven2/org/scala-sbt/zinc-persist-core-assembly/1.10.2/zinc-persist-core-assembly-1.10.2.pom
2024.11.19 19:08:02 INFO  BSP server: Downloaded https://repo1.maven.org/maven2/org/typelevel/macro-compat_2.12/1.1.1/macro-compat_2.12-1.1.1.pom
2024.11.19 19:08:02 INFO  BSP server: Downloaded https://repo1.maven.org/maven2/org/scala-sbt/io_2.12/1.10.0/io_2.12-1.10.0.pom
2024.11.19 19:08:02 INFO  BSP server: Downloaded https://repo1.maven.org/maven2/org/scala-sbt/launcher-interface/1.4.3/launcher-interface-1.4.3.pom
2024.11.19 19:08:02 INFO  BSP server: Downloaded https://repo1.maven.org/maven2/org/scala-lang/scala-compiler/2.12.20/scala-compiler-2.12.20.pom
2024.11.19 19:08:02 INFO  BSP server: Downloading https://repo1.maven.org/maven2/net/openhft/java-parent-pom/1.1.28/java-parent-pom-1.1.28.pom
2024.11.19 19:08:02 INFO  BSP server: Downloading https://repo1.maven.org/maven2/com/google/errorprone/error_prone_parent/2.27.0/error_prone_parent-2.27.0.pom
2024.11.19 19:08:02 INFO  BSP server: Downloaded https://repo1.maven.org/maven2/net/openhft/java-parent-pom/1.1.28/java-parent-pom-1.1.28.pom
2024.11.19 19:08:02 INFO  BSP server: Downloaded https://repo1.maven.org/maven2/com/google/errorprone/error_prone_parent/2.27.0/error_prone_parent-2.27.0.pom
2024.11.19 19:08:02 INFO  BSP server: Downloading https://repo1.maven.org/maven2/net/openhft/root-parent-pom/1.2.12/root-parent-pom-1.2.12.pom
2024.11.19 19:08:02 INFO  BSP server: Downloaded https://repo1.maven.org/maven2/net/openhft/root-parent-pom/1.2.12/root-parent-pom-1.2.12.pom
2024.11.19 19:08:02 INFO  BSP server: Downloading https://repo1.maven.org/maven2/org/scala-sbt/util-interface/1.10.1/util-interface-1.10.1.pom
2024.11.19 19:08:02 INFO  BSP server: Downloading https://repo1.maven.org/maven2/org/typelevel/cats-macros_2.12/2.1.1/cats-macros_2.12-2.1.1.pom
2024.11.19 19:08:02 INFO  BSP server: Downloading https://repo1.maven.org/maven2/org/scala-sbt/core-macros_2.12/1.10.1/core-macros_2.12-1.10.1.pom
2024.11.19 19:08:02 INFO  BSP server: Downloading https://repo1.maven.org/maven2/org/jline/jline-terminal-jansi/3.24.1/jline-terminal-jansi-3.24.1.pom
2024.11.19 19:08:02 INFO  BSP server: Downloading https://repo1.maven.org/maven2/org/scala-sbt/jline/jline/2.14.7-sbt-9c3b6aca11c57e339441442bbf58e550cdfecb79/jline-2.14.7-sbt-9c3b6aca11c57e339441442bbf58e550cdfecb79.pom
2024.11.19 19:08:02 INFO  BSP server: Downloading https://repo1.maven.org/maven2/net/java/dev/jna/jna-platform/5.13.0/jna-platform-5.13.0.pom
2024.11.19 19:08:02 INFO  BSP server: Downloaded https://repo1.maven.org/maven2/org/scala-sbt/util-interface/1.10.1/util-interface-1.10.1.pom
2024.11.19 19:08:02 INFO  BSP server: Downloading https://repo1.maven.org/maven2/com/eed3si9n/sjson-new-scalajson_2.12/0.10.1/sjson-new-scalajson_2.12-0.10.1.pom
2024.11.19 19:08:02 INFO  BSP server: Downloaded https://repo1.maven.org/maven2/org/jline/jline-terminal-jansi/3.24.1/jline-terminal-jansi-3.24.1.pom
2024.11.19 19:08:02 INFO  BSP server: Downloading https://repo1.maven.org/maven2/net/java/dev/jna/jna/5.13.0/jna-5.13.0.pom
2024.11.19 19:08:02 INFO  BSP server: Downloaded https://repo1.maven.org/maven2/org/scala-sbt/jline/jline/2.14.7-sbt-9c3b6aca11c57e339441442bbf58e550cdfecb79/jline-2.14.7-sbt-9c3b6aca11c57e339441442bbf58e550cdfecb79.pom
2024.11.19 19:08:02 INFO  BSP server: Downloading https://repo1.maven.org/maven2/com/eed3si9n/shaded-apache-httpasyncclient/0.7.0/shaded-apache-httpasyncclient-0.7.0.pom
2024.11.19 19:08:02 INFO  BSP server: Downloaded https://repo1.maven.org/maven2/org/scala-sbt/core-macros_2.12/1.10.1/core-macros_2.12-1.10.1.pom
2024.11.19 19:08:02 INFO  BSP server: Downloading https://repo1.maven.org/maven2/com/outr/perfolation_2.12/1.2.8/perfolation_2.12-1.2.8.pom
2024.11.19 19:08:02 INFO  BSP server: Downloaded https://repo1.maven.org/maven2/org/typelevel/cats-macros_2.12/2.1.1/cats-macros_2.12-2.1.1.pom
2024.11.19 19:08:02 INFO  BSP server: Downloading https://repo1.maven.org/maven2/org/scala-sbt/collections_2.12/1.10.1/collections_2.12-1.10.1.pom
2024.11.19 19:08:02 INFO  BSP server: Downloaded https://repo1.maven.org/maven2/com/eed3si9n/sjson-new-scalajson_2.12/0.10.1/sjson-new-scalajson_2.12-0.10.1.pom
2024.11.19 19:08:02 INFO  BSP server: Downloaded https://repo1.maven.org/maven2/com/outr/perfolation_2.12/1.2.8/perfolation_2.12-1.2.8.pom
2024.11.19 19:08:02 INFO  BSP server: Downloading https://repo1.maven.org/maven2/org/typelevel/cats-kernel_2.12/2.1.1/cats-kernel_2.12-2.1.1.pom
2024.11.19 19:08:02 INFO  BSP server: Downloaded https://repo1.maven.org/maven2/com/eed3si9n/shaded-apache-httpasyncclient/0.7.0/shaded-apache-httpasyncclient-0.7.0.pom
2024.11.19 19:08:02 INFO  BSP server: Downloading https://repo1.maven.org/maven2/org/jline/jline-terminal/3.24.1/jline-terminal-3.24.1.pom
2024.11.19 19:08:02 INFO  BSP server: Downloaded https://repo1.maven.org/maven2/org/jline/jline-terminal/3.24.1/jline-terminal-3.24.1.pom
2024.11.19 19:08:02 INFO  BSP server: Downloading https://repo1.maven.org/maven2/com/lmax/disruptor/3.4.2/disruptor-3.4.2.pom
2024.11.19 19:08:02 INFO  BSP server: Downloaded https://repo1.maven.org/maven2/org/typelevel/cats-kernel_2.12/2.1.1/cats-kernel_2.12-2.1.1.pom
2024.11.19 19:08:02 INFO  BSP server: Downloading https://repo1.maven.org/maven2/org/jline/jline-terminal-jna/3.24.1/jline-terminal-jna-3.24.1.pom
2024.11.19 19:08:02 INFO  BSP server: Downloaded https://repo1.maven.org/maven2/org/jline/jline-terminal-jna/3.24.1/jline-terminal-jna-3.24.1.pom
2024.11.19 19:08:02 INFO  BSP server: Downloading https://repo1.maven.org/maven2/com/outr/moduload_2.12/1.1.5/moduload_2.12-1.1.5.pom
2024.11.19 19:08:02 INFO  BSP server: Downloaded https://repo1.maven.org/maven2/org/scala-sbt/collections_2.12/1.10.1/collections_2.12-1.10.1.pom
2024.11.19 19:08:02 INFO  BSP server: Downloading https://repo1.maven.org/maven2/com/eed3si9n/gigahorse-core_2.12/0.7.0/gigahorse-core_2.12-0.7.0.pom
2024.11.19 19:08:02 INFO  BSP server: Downloaded https://repo1.maven.org/maven2/net/java/dev/jna/jna/5.13.0/jna-5.13.0.pom
2024.11.19 19:08:02 INFO  BSP server: Downloading https://repo1.maven.org/maven2/com/eed3si9n/sjson-new-murmurhash_2.12/0.9.1/sjson-new-murmurhash_2.12-0.9.1.pom
2024.11.19 19:08:02 INFO  BSP server: Downloaded https://repo1.maven.org/maven2/com/outr/moduload_2.12/1.1.5/moduload_2.12-1.1.5.pom
2024.11.19 19:08:02 INFO  BSP server: Downloading https://repo1.maven.org/maven2/org/scala-sbt/compiler-bridge_2.12/1.10.2/compiler-bridge_2.12-1.10.2.pom
2024.11.19 19:08:02 INFO  BSP server: Downloaded https://repo1.maven.org/maven2/com/eed3si9n/gigahorse-core_2.12/0.7.0/gigahorse-core_2.12-0.7.0.pom
2024.11.19 19:08:02 INFO  BSP server: Downloaded https://repo1.maven.org/maven2/com/eed3si9n/sjson-new-murmurhash_2.12/0.9.1/sjson-new-murmurhash_2.12-0.9.1.pom
2024.11.19 19:08:02 INFO  BSP server: Downloaded https://repo1.maven.org/maven2/org/scala-sbt/compiler-bridge_2.12/1.10.2/compiler-bridge_2.12-1.10.2.pom
2024.11.19 19:08:02 INFO  BSP server: Downloaded https://repo1.maven.org/maven2/com/lmax/disruptor/3.4.2/disruptor-3.4.2.pom
2024.11.19 19:08:02 INFO  BSP server: Downloaded https://repo1.maven.org/maven2/net/java/dev/jna/jna-platform/5.13.0/jna-platform-5.13.0.pom
2024.11.19 19:08:02 INFO  BSP server: Downloading https://repo1.maven.org/maven2/org/jline/jline-parent/3.24.1/jline-parent-3.24.1.pom
2024.11.19 19:08:02 INFO  BSP server: Downloaded https://repo1.maven.org/maven2/org/jline/jline-parent/3.24.1/jline-parent-3.24.1.pom
2024.11.19 19:08:02 INFO  BSP server: Downloading https://repo1.maven.org/maven2/org/jline/jline-native/3.24.1/jline-native-3.24.1.pom
2024.11.19 19:08:02 INFO  BSP server: Downloading https://repo1.maven.org/maven2/org/fusesource/jansi/jansi/2.4.1/jansi-2.4.1.pom
2024.11.19 19:08:02 INFO  BSP server: Downloading https://repo1.maven.org/maven2/com/eed3si9n/shaded-scalajson_2.12/1.0.0-M4/shaded-scalajson_2.12-1.0.0-M4.pom
2024.11.19 19:08:02 INFO  BSP server: Downloading https://repo1.maven.org/maven2/org/scala-sbt/util-position_2.12/1.10.1/util-position_2.12-1.10.1.pom
2024.11.19 19:08:02 INFO  BSP server: Downloading https://repo1.maven.org/maven2/com/eed3si9n/shaded-jawn-parser_2.12/1.3.2/shaded-jawn-parser_2.12-1.3.2.pom
2024.11.19 19:08:02 INFO  BSP server: Downloading https://repo1.maven.org/maven2/com/typesafe/ssl-config-core_2.12/0.6.1/ssl-config-core_2.12-0.6.1.pom
2024.11.19 19:08:03 INFO  BSP server: Downloaded https://repo1.maven.org/maven2/org/jline/jline-native/3.24.1/jline-native-3.24.1.pom
2024.11.19 19:08:03 INFO  BSP server: Downloaded https://repo1.maven.org/maven2/org/scala-sbt/util-position_2.12/1.10.1/util-position_2.12-1.10.1.pom
2024.11.19 19:08:03 INFO  BSP server: Downloaded https://repo1.maven.org/maven2/com/eed3si9n/shaded-jawn-parser_2.12/1.3.2/shaded-jawn-parser_2.12-1.3.2.pom
2024.11.19 19:08:03 INFO  BSP server: Downloading https://repo1.maven.org/maven2/com/eed3si9n/sjson-new-core_2.12/0.10.1/sjson-new-core_2.12-0.10.1.pom
2024.11.19 19:08:03 INFO  BSP server: Downloaded https://repo1.maven.org/maven2/com/typesafe/ssl-config-core_2.12/0.6.1/ssl-config-core_2.12-0.6.1.pom
2024.11.19 19:08:03 INFO  BSP server: Downloaded https://repo1.maven.org/maven2/com/eed3si9n/sjson-new-core_2.12/0.10.1/sjson-new-core_2.12-0.10.1.pom
2024.11.19 19:08:03 INFO  BSP server: Downloaded https://repo1.maven.org/maven2/org/fusesource/jansi/jansi/2.4.1/jansi-2.4.1.pom
2024.11.19 19:08:03 INFO  BSP server: Downloaded https://repo1.maven.org/maven2/com/eed3si9n/shaded-scalajson_2.12/1.0.0-M4/shaded-scalajson_2.12-1.0.0-M4.pom
2024.11.19 19:08:03 INFO  BSP server: Downloading https://repo1.maven.org/maven2/org/fusesource/fusesource-pom/1.12/fusesource-pom-1.12.pom
2024.11.19 19:08:03 INFO  BSP server: Downloaded https://repo1.maven.org/maven2/org/fusesource/fusesource-pom/1.12/fusesource-pom-1.12.pom
2024.11.19 19:08:03 INFO  BSP server: Downloading https://repo1.maven.org/maven2/org/slf4j/slf4j-api/2.0.15/slf4j-api-2.0.15.jar
2024.11.19 19:08:03 INFO  BSP server: Downloading https://repo1.maven.org/maven2/org/jctools/jctools-core/2.1.2/jctools-core-2.1.2.jar
2024.11.19 19:08:03 INFO  BSP server: Downloading https://repo1.maven.org/maven2/org/ow2/asm/asm-util/9.7.1/asm-util-9.7.1.jar
2024.11.19 19:08:03 INFO  BSP server: Downloading https://repo1.maven.org/maven2/org/scala-sbt/util-control_2.12/1.10.1/util-control_2.12-1.10.1.jar
2024.11.19 19:08:03 INFO  BSP server: Downloading https://repo1.maven.org/maven2/org/typelevel/cats-macros_2.12/2.1.1/cats-macros_2.12-2.1.1.jar
2024.11.19 19:08:03 INFO  BSP server: Downloading https://repo1.maven.org/maven2/com/github/mwiede/jsch/0.2.17/jsch-0.2.17.jar
2024.11.19 19:08:03 INFO  BSP server: Downloaded https://repo1.maven.org/maven2/org/scala-sbt/util-control_2.12/1.10.1/util-control_2.12-1.10.1.jar
2024.11.19 19:08:03 INFO  BSP server: Downloading https://repo1.maven.org/maven2/org/zeroturnaround/zt-zip/1.17/zt-zip-1.17.jar
2024.11.19 19:08:03 INFO  BSP server: Downloaded https://repo1.maven.org/maven2/org/typelevel/cats-macros_2.12/2.1.1/cats-macros_2.12-2.1.1.jar
2024.11.19 19:08:03 INFO  BSP server: Downloading https://repo1.maven.org/maven2/io/zipkin/reporter2/zipkin-reporter-brave/2.17.2/zipkin-reporter-brave-2.17.2.jar
2024.11.19 19:08:03 INFO  BSP server: Downloaded https://repo1.maven.org/maven2/org/slf4j/slf4j-api/2.0.15/slf4j-api-2.0.15.jar
2024.11.19 19:08:03 INFO  BSP server: Downloading https://repo1.maven.org/maven2/org/scala-sbt/core-macros_2.12/1.10.1/core-macros_2.12-1.10.1.jar
2024.11.19 19:08:03 INFO  BSP server: Downloaded https://repo1.maven.org/maven2/org/jctools/jctools-core/2.1.2/jctools-core-2.1.2.jar
2024.11.19 19:08:03 INFO  BSP server: Downloading https://repo1.maven.org/maven2/org/scala-sbt/zinc-persist-core-assembly/1.10.2/zinc-persist-core-assembly-1.10.2.jar
2024.11.19 19:08:03 INFO  BSP server: Downloaded https://repo1.maven.org/maven2/org/ow2/asm/asm-util/9.7.1/asm-util-9.7.1.jar
2024.11.19 19:08:03 INFO  BSP server: Downloading https://repo1.maven.org/maven2/com/eed3si9n/sjson-new-scalajson_2.12/0.10.1/sjson-new-scalajson_2.12-0.10.1.jar
2024.11.19 19:08:03 INFO  BSP server: Downloaded https://repo1.maven.org/maven2/com/github/mwiede/jsch/0.2.17/jsch-0.2.17.jar
2024.11.19 19:08:03 INFO  BSP server: Downloading https://repo1.maven.org/maven2/org/scala-sbt/zinc_2.12/1.10.2/zinc_2.12-1.10.2.jar
2024.11.19 19:08:03 INFO  BSP server: Downloaded https://repo1.maven.org/maven2/io/zipkin/reporter2/zipkin-reporter-brave/2.17.2/zipkin-reporter-brave-2.17.2.jar
2024.11.19 19:08:03 INFO  BSP server: Downloading https://repo1.maven.org/maven2/org/scala-sbt/util-cache_2.12/1.10.0/util-cache_2.12-1.10.0.jar
2024.11.19 19:08:03 INFO  BSP server: Downloaded https://repo1.maven.org/maven2/org/scala-sbt/zinc_2.12/1.10.2/zinc_2.12-1.10.2.jar
2024.11.19 19:08:03 INFO  BSP server: Downloading https://repo1.maven.org/maven2/com/eed3si9n/sjson-new-core_2.12/0.10.1/sjson-new-core_2.12-0.10.1.jar
2024.11.19 19:08:03 INFO  BSP server: Downloaded https://repo1.maven.org/maven2/org/scala-sbt/core-macros_2.12/1.10.1/core-macros_2.12-1.10.1.jar
2024.11.19 19:08:03 INFO  BSP server: Downloading https://repo1.maven.org/maven2/org/scala-sbt/zinc-compile-core_2.12/1.10.2/zinc-compile-core_2.12-1.10.2.jar
2024.11.19 19:08:03 INFO  BSP server: Downloaded https://repo1.maven.org/maven2/org/scala-sbt/util-cache_2.12/1.10.0/util-cache_2.12-1.10.0.jar
2024.11.19 19:08:03 INFO  BSP server: Downloading https://repo1.maven.org/maven2/org/scala-sbt/zinc-apiinfo_2.12/1.10.2/zinc-apiinfo_2.12-1.10.2.jar
2024.11.19 19:08:03 INFO  BSP server: Downloaded https://repo1.maven.org/maven2/com/eed3si9n/sjson-new-core_2.12/0.10.1/sjson-new-core_2.12-0.10.1.jar
2024.11.19 19:08:03 INFO  BSP server: Downloading https://repo1.maven.org/maven2/org/scala-sbt/jline/jline/2.14.7-sbt-9c3b6aca11c57e339441442bbf58e550cdfecb79/jline-2.14.7-sbt-9c3b6aca11c57e339441442bbf58e550cdfecb79.jar
2024.11.19 19:08:03 INFO  BSP server: Downloaded https://repo1.maven.org/maven2/org/scala-sbt/zinc-compile-core_2.12/1.10.2/zinc-compile-core_2.12-1.10.2.jar
2024.11.19 19:08:03 INFO  BSP server: Downloading https://repo1.maven.org/maven2/org/typelevel/cats-core_2.12/2.1.1/cats-core_2.12-2.1.1.jar
2024.11.19 19:08:03 INFO  BSP server: Downloaded https://repo1.maven.org/maven2/org/scala-sbt/zinc-apiinfo_2.12/1.10.2/zinc-apiinfo_2.12-1.10.2.jar
2024.11.19 19:08:03 INFO  BSP server: Downloading https://repo1.maven.org/maven2/com/outr/perfolation_2.12/1.2.8/perfolation_2.12-1.2.8.jar
2024.11.19 19:08:03 INFO  BSP server: Downloaded https://repo1.maven.org/maven2/org/scala-sbt/jline/jline/2.14.7-sbt-9c3b6aca11c57e339441442bbf58e550cdfecb79/jline-2.14.7-sbt-9c3b6aca11c57e339441442bbf58e550cdfecb79.jar
2024.11.19 19:08:03 INFO  BSP server: Downloading https://repo1.maven.org/maven2/org/scala-sbt/zinc-persist_2.12/1.10.2/zinc-persist_2.12-1.10.2.jar
2024.11.19 19:08:03 INFO  BSP server: Downloaded https://repo1.maven.org/maven2/com/outr/perfolation_2.12/1.2.8/perfolation_2.12-1.2.8.jar
2024.11.19 19:08:03 INFO  BSP server: Downloaded https://repo1.maven.org/maven2/org/zeroturnaround/zt-zip/1.17/zt-zip-1.17.jar
2024.11.19 19:08:03 INFO  BSP server: Downloaded https://repo1.maven.org/maven2/org/scala-sbt/zinc-persist_2.12/1.10.2/zinc-persist_2.12-1.10.2.jar
2024.11.19 19:08:03 INFO  BSP server: Downloading https://repo1.maven.org/maven2/org/scalameta/common_2.12/4.9.9/common_2.12-4.9.9.jar
2024.11.19 19:08:03 INFO  BSP server: Downloading https://repo1.maven.org/maven2/org/scala-sbt/librarymanagement-core_2.12/1.10.1/librarymanagement-core_2.12-1.10.1.jar
2024.11.19 19:08:03 INFO  BSP server: Downloaded https://repo1.maven.org/maven2/com/eed3si9n/sjson-new-scalajson_2.12/0.10.1/sjson-new-scalajson_2.12-0.10.1.jar
2024.11.19 19:08:03 INFO  BSP server: Downloading https://repo1.maven.org/maven2/org/scala-sbt/zinc-core_2.12/1.10.2/zinc-core_2.12-1.10.2.jar
2024.11.19 19:08:03 INFO  BSP server: Downloading https://repo1.maven.org/maven2/org/ow2/asm/asm-analysis/9.7.1/asm-analysis-9.7.1.jar
2024.11.19 19:08:03 INFO  BSP server: Downloaded https://repo1.maven.org/maven2/org/ow2/asm/asm-analysis/9.7.1/asm-analysis-9.7.1.jar
2024.11.19 19:08:03 INFO  BSP server: Downloading https://repo1.maven.org/maven2/io/get-coursier/interface/1.0.21/interface-1.0.21.jar
2024.11.19 19:08:03 INFO  BSP server: Downloaded https://repo1.maven.org/maven2/org/scala-sbt/zinc-persist-core-assembly/1.10.2/zinc-persist-core-assembly-1.10.2.jar
2024.11.19 19:08:03 INFO  BSP server: Downloading https://repo1.maven.org/maven2/com/lihaoyi/fansi_2.12/0.5.0/fansi_2.12-0.5.0.jar
2024.11.19 19:08:03 INFO  BSP server: Downloaded https://repo1.maven.org/maven2/org/scala-sbt/zinc-core_2.12/1.10.2/zinc-core_2.12-1.10.2.jar
2024.11.19 19:08:03 INFO  BSP server: Downloading https://repo1.maven.org/maven2/org/scala-sbt/collections_2.12/1.10.1/collections_2.12-1.10.1.jar
2024.11.19 19:08:03 INFO  BSP server: Downloaded https://repo1.maven.org/maven2/org/scala-sbt/librarymanagement-core_2.12/1.10.1/librarymanagement-core_2.12-1.10.1.jar
2024.11.19 19:08:03 INFO  BSP server: Downloading https://repo1.maven.org/maven2/org/scala-sbt/io_2.12/1.10.0/io_2.12-1.10.0.jar
2024.11.19 19:08:03 INFO  BSP server: Downloaded https://repo1.maven.org/maven2/org/scala-sbt/collections_2.12/1.10.1/collections_2.12-1.10.1.jar
2024.11.19 19:08:03 INFO  BSP server: Downloading https://repo1.maven.org/maven2/io/zipkin/reporter2/zipkin-reporter/2.17.2/zipkin-reporter-2.17.2.jar
2024.11.19 19:08:03 INFO  BSP server: Downloaded https://repo1.maven.org/maven2/com/lihaoyi/fansi_2.12/0.5.0/fansi_2.12-0.5.0.jar
2024.11.19 19:08:03 INFO  BSP server: Downloading https://repo1.maven.org/maven2/com/outr/scribe_2.12/3.5.5/scribe_2.12-3.5.5.jar
2024.11.19 19:08:05 INFO  BSP server: Downloaded https://repo1.maven.org/maven2/org/scalameta/common_2.12/4.9.9/common_2.12-4.9.9.jar
2024.11.19 19:08:05 INFO  BSP server: Downloading https://repo1.maven.org/maven2/org/typelevel/macro-compat_2.12/1.1.1/macro-compat_2.12-1.1.1.jar
2024.11.19 19:08:05 INFO  BSP server: Downloaded https://repo1.maven.org/maven2/io/zipkin/reporter2/zipkin-reporter/2.17.2/zipkin-reporter-2.17.2.jar
2024.11.19 19:08:05 INFO  BSP server: Downloading https://repo1.maven.org/maven2/ch/epfl/scala/libdaemon_2.12/0.0.12/libdaemon_2.12-0.0.12.jar
2024.11.19 19:08:05 INFO  BSP server: Downloaded https://repo1.maven.org/maven2/org/typelevel/macro-compat_2.12/1.1.1/macro-compat_2.12-1.1.1.jar
2024.11.19 19:08:05 INFO  BSP server: Downloading https://repo1.maven.org/maven2/org/scala-sbt/test-agent/1.10.2/test-agent-1.10.2.jar
2024.11.19 19:08:05 INFO  BSP server: Downloaded https://repo1.maven.org/maven2/ch/epfl/scala/libdaemon_2.12/0.0.12/libdaemon_2.12-0.0.12.jar
2024.11.19 19:08:05 INFO  BSP server: Downloading https://repo1.maven.org/maven2/org/scalameta/parsers_2.12/4.9.9/parsers_2.12-4.9.9.jar
2024.11.19 19:08:05 INFO  BSP server: Downloaded https://repo1.maven.org/maven2/org/scala-sbt/io_2.12/1.10.0/io_2.12-1.10.0.jar
2024.11.19 19:08:05 INFO  BSP server: Downloading https://repo1.maven.org/maven2/org/scala-lang/modules/scala-parser-combinators_2.12/1.1.2/scala-parser-combinators_2.12-1.1.2.jar
2024.11.19 19:08:05 INFO  BSP server: Downloaded https://repo1.maven.org/maven2/com/outr/scribe_2.12/3.5.5/scribe_2.12-3.5.5.jar
2024.11.19 19:08:05 INFO  BSP server: Downloading https://repo1.maven.org/maven2/org/scala-sbt/librarymanagement-ivy_2.12/1.10.1/librarymanagement-ivy_2.12-1.10.1.jar
2024.11.19 19:08:05 INFO  BSP server: Downloaded https://repo1.maven.org/maven2/org/scala-lang/modules/scala-parser-combinators_2.12/1.1.2/scala-parser-combinators_2.12-1.1.2.jar
2024.11.19 19:08:05 INFO  BSP server: Downloading https://repo1.maven.org/maven2/io/monix/monix-tail_2.12/3.2.0/monix-tail_2.12-3.2.0.jar
2024.11.19 19:08:05 INFO  BSP server: Downloaded https://repo1.maven.org/maven2/org/scala-sbt/librarymanagement-ivy_2.12/1.10.1/librarymanagement-ivy_2.12-1.10.1.jar
2024.11.19 19:08:05 INFO  BSP server: Downloading https://repo1.maven.org/maven2/org/apache/logging/log4j/log4j-api/2.23.0/log4j-api-2.23.0.jar
2024.11.19 19:08:05 INFO  BSP server: Downloaded https://repo1.maven.org/maven2/org/scalameta/parsers_2.12/4.9.9/parsers_2.12-4.9.9.jar
2024.11.19 19:08:05 INFO  BSP server: Downloading https://repo1.maven.org/maven2/ch/epfl/scala/bsp4s_2.12/2.1.1/bsp4s_2.12-2.1.1.jar
2024.11.19 19:08:05 INFO  BSP server: Downloaded https://repo1.maven.org/maven2/org/apache/logging/log4j/log4j-api/2.23.0/log4j-api-2.23.0.jar
2024.11.19 19:08:05 INFO  BSP server: Downloading https://repo1.maven.org/maven2/org/scala-sbt/compiler-bridge_2.12/1.10.2/compiler-bridge_2.12-1.10.2.jar
2024.11.19 19:08:05 INFO  BSP server: Downloaded https://repo1.maven.org/maven2/org/scala-sbt/test-agent/1.10.2/test-agent-1.10.2.jar
2024.11.19 19:08:05 INFO  BSP server: Downloading https://repo1.maven.org/maven2/io/monix/monix-reactive_2.12/3.2.0/monix-reactive_2.12-3.2.0.jar
2024.11.19 19:08:05 INFO  BSP server: Downloaded https://repo1.maven.org/maven2/io/monix/monix-tail_2.12/3.2.0/monix-tail_2.12-3.2.0.jar
2024.11.19 19:08:05 INFO  BSP server: Downloading https://repo1.maven.org/maven2/com/github/plokhotnyuk/jsoniter-scala/jsoniter-scala-macros_2.12/2.13.3.2/jsoniter-scala-macros_2.12-2.13.3.2.jar
2024.11.19 19:08:05 INFO  BSP server: Downloaded https://repo1.maven.org/maven2/org/scala-sbt/compiler-bridge_2.12/1.10.2/compiler-bridge_2.12-1.10.2.jar
2024.11.19 19:08:05 INFO  BSP server: Downloading https://repo1.maven.org/maven2/org/typelevel/cats-kernel_2.12/2.1.1/cats-kernel_2.12-2.1.1.jar
2024.11.19 19:08:05 INFO  BSP server: Downloaded https://repo1.maven.org/maven2/com/github/plokhotnyuk/jsoniter-scala/jsoniter-scala-macros_2.12/2.13.3.2/jsoniter-scala-macros_2.12-2.13.3.2.jar
2024.11.19 19:08:05 INFO  BSP server: Downloading https://repo1.maven.org/maven2/org/scala-sbt/launcher-interface/1.4.3/launcher-interface-1.4.3.jar
2024.11.19 19:08:05 INFO  BSP server: Downloaded https://repo1.maven.org/maven2/org/scala-sbt/launcher-interface/1.4.3/launcher-interface-1.4.3.jar
2024.11.19 19:08:05 INFO  BSP server: Downloading https://repo1.maven.org/maven2/com/eed3si9n/sjson-new-murmurhash_2.12/0.9.1/sjson-new-murmurhash_2.12-0.9.1.jar
2024.11.19 19:08:05 INFO  BSP server: Downloaded https://repo1.maven.org/maven2/ch/epfl/scala/bsp4s_2.12/2.1.1/bsp4s_2.12-2.1.1.jar
2024.11.19 19:08:05 INFO  BSP server: Downloading https://repo1.maven.org/maven2/io/monix/monix-eval_2.12/3.2.0/monix-eval_2.12-3.2.0.jar
2024.11.19 19:08:05 INFO  BSP server: Downloaded https://repo1.maven.org/maven2/com/eed3si9n/sjson-new-murmurhash_2.12/0.9.1/sjson-new-murmurhash_2.12-0.9.1.jar
2024.11.19 19:08:05 INFO  BSP server: Downloading https://repo1.maven.org/maven2/org/scala-sbt/util-position_2.12/1.10.1/util-position_2.12-1.10.1.jar
2024.11.19 19:08:05 INFO  BSP server: Downloaded https://repo1.maven.org/maven2/org/scala-sbt/util-position_2.12/1.10.1/util-position_2.12-1.10.1.jar
2024.11.19 19:08:05 INFO  BSP server: Downloading https://repo1.maven.org/maven2/org/scala-lang/scala-compiler/2.12.20/scala-compiler-2.12.20.jar
2024.11.19 19:08:05 INFO  BSP server: Downloaded https://repo1.maven.org/maven2/io/monix/monix-eval_2.12/3.2.0/monix-eval_2.12-3.2.0.jar
2024.11.19 19:08:05 INFO  BSP server: Downloading https://repo1.maven.org/maven2/ch/epfl/scala/bloop-frontend_2.12/2.0.3/bloop-frontend_2.12-2.0.3.jar
2024.11.19 19:08:05 INFO  BSP server: Downloaded https://repo1.maven.org/maven2/org/typelevel/cats-core_2.12/2.1.1/cats-core_2.12-2.1.1.jar
2024.11.19 19:08:05 INFO  BSP server: Downloading https://repo1.maven.org/maven2/org/scala-sbt/zinc-classpath_2.12/1.10.2/zinc-classpath_2.12-1.10.2.jar
2024.11.19 19:08:05 INFO  BSP server: Downloaded https://repo1.maven.org/maven2/io/monix/monix-reactive_2.12/3.2.0/monix-reactive_2.12-3.2.0.jar
2024.11.19 19:08:05 INFO  BSP server: Downloading https://repo1.maven.org/maven2/com/github/alexarchambault/case-app_2.12/2.0.6/case-app_2.12-2.0.6.jar
2024.11.19 19:08:05 INFO  BSP server: Downloaded https://repo1.maven.org/maven2/org/scala-sbt/zinc-classpath_2.12/1.10.2/zinc-classpath_2.12-1.10.2.jar
2024.11.19 19:08:05 INFO  BSP server: Downloading https://repo1.maven.org/maven2/org/scala-sbt/util-logging_2.12/1.10.1/util-logging_2.12-1.10.1.jar
2024.11.19 19:08:06 INFO  BSP server: Downloaded https://repo1.maven.org/maven2/ch/epfl/scala/bloop-frontend_2.12/2.0.3/bloop-frontend_2.12-2.0.3.jar
2024.11.19 19:08:06 INFO  BSP server: Downloading https://repo1.maven.org/maven2/org/scalaz/scalaz-core_2.12/7.3.8/scalaz-core_2.12-7.3.8.jar
2024.11.19 19:08:06 INFO  BSP server: Downloaded https://repo1.maven.org/maven2/com/github/alexarchambault/case-app_2.12/2.0.6/case-app_2.12-2.0.6.jar
2024.11.19 19:08:06 INFO  BSP server: Downloading https://repo1.maven.org/maven2/org/jline/jline-terminal-jna/3.24.1/jline-terminal-jna-3.24.1.jar
2024.11.19 19:08:06 INFO  BSP server: Downloaded https://repo1.maven.org/maven2/org/scala-sbt/util-logging_2.12/1.10.1/util-logging_2.12-1.10.1.jar
2024.11.19 19:08:06 INFO  BSP server: Downloading https://repo1.maven.org/maven2/com/eed3si9n/gigahorse-apache-http_2.12/0.7.0/gigahorse-apache-http_2.12-0.7.0.jar
2024.11.19 19:08:06 INFO  BSP server: Downloaded https://repo1.maven.org/maven2/com/eed3si9n/gigahorse-apache-http_2.12/0.7.0/gigahorse-apache-http_2.12-0.7.0.jar
2024.11.19 19:08:06 INFO  BSP server: Downloading https://repo1.maven.org/maven2/net/jpountz/lz4/lz4/1.3.0/lz4-1.3.0.jar
2024.11.19 19:08:06 INFO  BSP server: Downloaded https://repo1.maven.org/maven2/net/jpountz/lz4/lz4/1.3.0/lz4-1.3.0.jar
2024.11.19 19:08:06 INFO  BSP server: Downloading https://repo1.maven.org/maven2/com/chuusai/shapeless_2.12/2.3.3/shapeless_2.12-2.3.3.jar
2024.11.19 19:08:06 INFO  BSP server: Downloaded https://repo1.maven.org/maven2/org/jline/jline-terminal-jna/3.24.1/jline-terminal-jna-3.24.1.jar
2024.11.19 19:08:06 INFO  BSP server: Downloading https://repo1.maven.org/maven2/com/eed3si9n/gigahorse-core_2.12/0.7.0/gigahorse-core_2.12-0.7.0.jar
2024.11.19 19:08:06 INFO  BSP server: Downloaded https://repo1.maven.org/maven2/com/eed3si9n/gigahorse-core_2.12/0.7.0/gigahorse-core_2.12-0.7.0.jar
2024.11.19 19:08:06 INFO  BSP server: Downloading https://repo1.maven.org/maven2/ch/epfl/scala/scala-debug-adapter_2.12/4.2.1/scala-debug-adapter_2.12-4.2.1.jar
2024.11.19 19:08:06 INFO  BSP server: Downloaded https://repo1.maven.org/maven2/org/typelevel/cats-kernel_2.12/2.1.1/cats-kernel_2.12-2.1.1.jar
2024.11.19 19:08:06 INFO  BSP server: Downloading https://repo1.maven.org/maven2/net/java/dev/jna/jna-platform/5.13.0/jna-platform-5.13.0.jar
2024.11.19 19:08:06 INFO  BSP server: Downloaded https://repo1.maven.org/maven2/ch/epfl/scala/scala-debug-adapter_2.12/4.2.1/scala-debug-adapter_2.12-4.2.1.jar
2024.11.19 19:08:06 INFO  BSP server: Downloading https://repo1.maven.org/maven2/ch/epfl/scala/bloop-backend_2.12/2.0.3/bloop-backend_2.12-2.0.3.jar
2024.11.19 19:08:06 INFO  BSP server: Downloaded https://repo1.maven.org/maven2/net/java/dev/jna/jna-platform/5.13.0/jna-platform-5.13.0.jar
2024.11.19 19:08:06 INFO  BSP server: Downloading https://repo1.maven.org/maven2/com/github/alexarchambault/case-app-util_2.12/2.0.6/case-app-util_2.12-2.0.6.jar
2024.11.19 19:08:06 INFO  BSP server: Downloaded https://repo1.maven.org/maven2/com/github/alexarchambault/case-app-util_2.12/2.0.6/case-app-util_2.12-2.0.6.jar
2024.11.19 19:08:06 INFO  BSP server: Downloading https://repo1.maven.org/maven2/io/monix/monix_2.12/3.2.0/monix_2.12-3.2.0.jar
2024.11.19 19:08:06 INFO  BSP server: Downloaded https://repo1.maven.org/maven2/com/chuusai/shapeless_2.12/2.3.3/shapeless_2.12-2.3.3.jar
2024.11.19 19:08:06 INFO  BSP server: Downloading https://repo1.maven.org/maven2/com/eed3si9n/shaded-scalajson_2.12/1.0.0-M4/shaded-scalajson_2.12-1.0.0-M4.jar
2024.11.19 19:08:06 INFO  BSP server: Downloaded https://repo1.maven.org/maven2/io/monix/monix_2.12/3.2.0/monix_2.12-3.2.0.jar
2024.11.19 19:08:06 INFO  BSP server: Downloading https://repo1.maven.org/maven2/com/github/alexarchambault/case-app-annotations_2.12/2.0.6/case-app-annotations_2.12-2.0.6.jar
2024.11.19 19:08:06 INFO  BSP server: Downloaded https://repo1.maven.org/maven2/com/eed3si9n/shaded-scalajson_2.12/1.0.0-M4/shaded-scalajson_2.12-1.0.0-M4.jar
2024.11.19 19:08:06 INFO  BSP server: Downloading https://repo1.maven.org/maven2/ch/epfl/scala/directory-watcher/0.8.0+6-f651bd93/directory-watcher-0.8.0+6-f651bd93.jar
2024.11.19 19:08:06 INFO  BSP server: Downloaded https://repo1.maven.org/maven2/ch/epfl/scala/bloop-backend_2.12/2.0.3/bloop-backend_2.12-2.0.3.jar
2024.11.19 19:08:06 INFO  BSP server: Downloading https://repo1.maven.org/maven2/com/lihaoyi/sourcecode_2.12/0.4.2/sourcecode_2.12-0.4.2.jar
2024.11.19 19:08:06 INFO  BSP server: Downloaded https://repo1.maven.org/maven2/com/github/alexarchambault/case-app-annotations_2.12/2.0.6/case-app-annotations_2.12-2.0.6.jar
2024.11.19 19:08:06 INFO  BSP server: Downloading https://repo1.maven.org/maven2/com/lihaoyi/unroll-annotation_2.12/0.1.12/unroll-annotation_2.12-0.1.12.jar
2024.11.19 19:08:06 INFO  BSP server: Downloaded https://repo1.maven.org/maven2/ch/epfl/scala/directory-watcher/0.8.0+6-f651bd93/directory-watcher-0.8.0+6-f651bd93.jar
2024.11.19 19:08:06 INFO  BSP server: Downloading https://repo1.maven.org/maven2/org/jline/jline-terminal/3.24.1/jline-terminal-3.24.1.jar
2024.11.19 19:08:06 INFO  BSP server: Downloaded https://repo1.maven.org/maven2/com/lihaoyi/sourcecode_2.12/0.4.2/sourcecode_2.12-0.4.2.jar
2024.11.19 19:08:06 INFO  BSP server: Downloading https://repo1.maven.org/maven2/com/eed3si9n/shaded-jawn-parser_2.12/1.3.2/shaded-jawn-parser_2.12-1.3.2.jar
2024.11.19 19:08:06 INFO  BSP server: Downloaded https://repo1.maven.org/maven2/com/eed3si9n/shaded-jawn-parser_2.12/1.3.2/shaded-jawn-parser_2.12-1.3.2.jar
2024.11.19 19:08:06 INFO  BSP server: Downloading https://repo1.maven.org/maven2/com/eed3si9n/shaded-apache-httpasyncclient/0.7.0/shaded-apache-httpasyncclient-0.7.0.jar
2024.11.19 19:08:06 INFO  BSP server: Downloaded https://repo1.maven.org/maven2/com/lihaoyi/unroll-annotation_2.12/0.1.12/unroll-annotation_2.12-0.1.12.jar
2024.11.19 19:08:06 INFO  BSP server: Downloading https://repo1.maven.org/maven2/ch/epfl/scala/bloop-config_2.12/2.0.3/bloop-config_2.12-2.0.3.jar
2024.11.19 19:08:07 INFO  BSP server: Downloaded https://repo1.maven.org/maven2/ch/epfl/scala/bloop-config_2.12/2.0.3/bloop-config_2.12-2.0.3.jar
2024.11.19 19:08:07 INFO  BSP server: Downloading https://repo1.maven.org/maven2/com/google/errorprone/error_prone_annotations/2.27.0/error_prone_annotations-2.27.0.jar
2024.11.19 19:08:07 INFO  BSP server: Downloaded https://repo1.maven.org/maven2/com/google/errorprone/error_prone_annotations/2.27.0/error_prone_annotations-2.27.0.jar
2024.11.19 19:08:07 INFO  BSP server: Downloading https://repo1.maven.org/maven2/com/github/plokhotnyuk/jsoniter-scala/jsoniter-scala-core_2.12/2.13.3.2/jsoniter-scala-core_2.12-2.13.3.2.jar
2024.11.19 19:08:07 INFO  BSP server: Downloaded https://repo1.maven.org/maven2/com/github/plokhotnyuk/jsoniter-scala/jsoniter-scala-core_2.12/2.13.3.2/jsoniter-scala-core_2.12-2.13.3.2.jar
2024.11.19 19:08:07 INFO  BSP server: Downloading https://repo1.maven.org/maven2/io/zipkin/brave/brave/5.18.1/brave-5.18.1.jar
2024.11.19 19:08:07 INFO  BSP server: Downloaded https://repo1.maven.org/maven2/org/jline/jline-terminal/3.24.1/jline-terminal-3.24.1.jar
2024.11.19 19:08:07 INFO  BSP server: Downloading https://repo1.maven.org/maven2/com/lmax/disruptor/3.4.2/disruptor-3.4.2.jar
2024.11.19 19:08:07 INFO  BSP server: Downloaded https://repo1.maven.org/maven2/com/lmax/disruptor/3.4.2/disruptor-3.4.2.jar
2024.11.19 19:08:07 INFO  BSP server: Downloading https://repo1.maven.org/maven2/org/apache/logging/log4j/log4j-core/2.23.0/log4j-core-2.23.0.jar
2024.11.19 19:08:07 INFO  BSP server: Downloaded https://repo1.maven.org/maven2/io/zipkin/brave/brave/5.18.1/brave-5.18.1.jar
2024.11.19 19:08:07 INFO  BSP server: Downloading https://repo1.maven.org/maven2/com/outr/moduload_2.12/1.1.5/moduload_2.12-1.1.5.jar
2024.11.19 19:08:07 INFO  BSP server: Downloaded https://repo1.maven.org/maven2/com/outr/moduload_2.12/1.1.5/moduload_2.12-1.1.5.jar
2024.11.19 19:08:07 INFO  BSP server: Downloading https://repo1.maven.org/maven2/net/java/dev/jna/jna/5.13.0/jna-5.13.0.jar
2024.11.19 19:08:07 INFO  BSP server: Downloaded https://repo1.maven.org/maven2/io/get-coursier/interface/1.0.21/interface-1.0.21.jar
2024.11.19 19:08:07 INFO  BSP server: Downloading https://repo1.maven.org/maven2/io/github/alexarchambault/bleep/nailgun-server/1.0.7/nailgun-server-1.0.7.jar
2024.11.19 19:08:07 INFO  BSP server: Downloaded https://repo1.maven.org/maven2/io/github/alexarchambault/bleep/nailgun-server/1.0.7/nailgun-server-1.0.7.jar
2024.11.19 19:08:07 INFO  BSP server: Downloading https://repo1.maven.org/maven2/org/scala-sbt/compiler-interface/1.10.2/compiler-interface-1.10.2.jar
2024.11.19 19:08:07 INFO  BSP server: Downloaded https://repo1.maven.org/maven2/org/scala-sbt/compiler-interface/1.10.2/compiler-interface-1.10.2.jar
2024.11.19 19:08:07 INFO  BSP server: Downloading https://repo1.maven.org/maven2/org/typelevel/cats-effect_2.12/2.1.3/cats-effect_2.12-2.1.3.jar
2024.11.19 19:08:07 INFO  BSP server: Downloaded https://repo1.maven.org/maven2/com/eed3si9n/shaded-apache-httpasyncclient/0.7.0/shaded-apache-httpasyncclient-0.7.0.jar
2024.11.19 19:08:07 INFO  BSP server: Downloading https://repo1.maven.org/maven2/org/jline/jline-native/3.24.1/jline-native-3.24.1.jar
2024.11.19 19:08:07 INFO  BSP server: Downloaded https://repo1.maven.org/maven2/org/jline/jline-native/3.24.1/jline-native-3.24.1.jar
2024.11.19 19:08:07 INFO  BSP server: Downloading https://repo1.maven.org/maven2/ch/epfl/scala/bloop-shared_2.12/2.0.3/bloop-shared_2.12-2.0.3.jar
2024.11.19 19:08:07 INFO  BSP server: Downloaded https://repo1.maven.org/maven2/org/apache/logging/log4j/log4j-core/2.23.0/log4j-core-2.23.0.jar
2024.11.19 19:08:07 INFO  BSP server: Downloading https://repo1.maven.org/maven2/me/vican/jorge/jsonrpc4s_2.12/0.1.0/jsonrpc4s_2.12-0.1.0.jar
2024.11.19 19:08:07 INFO  BSP server: Downloaded https://repo1.maven.org/maven2/org/typelevel/cats-effect_2.12/2.1.3/cats-effect_2.12-2.1.3.jar
2024.11.19 19:08:07 INFO  BSP server: Downloading https://repo1.maven.org/maven2/ch/qos/logback/logback-core/1.5.9/logback-core-1.5.9.jar
2024.11.19 19:08:07 INFO  BSP server: Downloaded https://repo1.maven.org/maven2/ch/epfl/scala/bloop-shared_2.12/2.0.3/bloop-shared_2.12-2.0.3.jar
2024.11.19 19:08:07 INFO  BSP server: Downloading https://repo1.maven.org/maven2/io/zipkin/zipkin2/zipkin/2.27.0/zipkin-2.27.0.jar
2024.11.19 19:08:07 INFO  BSP server: Downloaded https://repo1.maven.org/maven2/net/java/dev/jna/jna/5.13.0/jna-5.13.0.jar
2024.11.19 19:08:07 INFO  BSP server: Downloading https://repo1.maven.org/maven2/org/scala-lang/scala-reflect/2.12.20/scala-reflect-2.12.20.jar
2024.11.19 19:08:07 INFO  BSP server: Downloaded https://repo1.maven.org/maven2/io/zipkin/zipkin2/zipkin/2.27.0/zipkin-2.27.0.jar
2024.11.19 19:08:07 INFO  BSP server: Downloading https://repo1.maven.org/maven2/com/typesafe/ssl-config-core_2.12/0.6.1/ssl-config-core_2.12-0.6.1.jar
2024.11.19 19:08:07 INFO  BSP server: Downloaded https://repo1.maven.org/maven2/me/vican/jorge/jsonrpc4s_2.12/0.1.0/jsonrpc4s_2.12-0.1.0.jar
2024.11.19 19:08:07 INFO  BSP server: Downloading https://repo1.maven.org/maven2/org/scala-sbt/zinc-classfile_2.12/1.10.2/zinc-classfile_2.12-1.10.2.jar
2024.11.19 19:08:07 INFO  BSP server: Downloaded https://repo1.maven.org/maven2/org/scala-sbt/zinc-classfile_2.12/1.10.2/zinc-classfile_2.12-1.10.2.jar
2024.11.19 19:08:07 INFO  BSP server: Downloading https://repo1.maven.org/maven2/io/monix/implicitbox_2.12/0.2.0/implicitbox_2.12-0.2.0.jar
2024.11.19 19:08:07 INFO  BSP server: Downloaded https://repo1.maven.org/maven2/com/typesafe/ssl-config-core_2.12/0.6.1/ssl-config-core_2.12-0.6.1.jar
2024.11.19 19:08:07 INFO  BSP server: Downloading https://repo1.maven.org/maven2/org/scala-lang/scala-library/2.12.20/scala-library-2.12.20.jar
2024.11.19 19:08:07 INFO  BSP server: Downloaded https://repo1.maven.org/maven2/ch/qos/logback/logback-core/1.5.9/logback-core-1.5.9.jar
2024.11.19 19:08:07 INFO  BSP server: Downloading https://repo1.maven.org/maven2/org/ow2/asm/asm/9.7.1/asm-9.7.1.jar
2024.11.19 19:08:07 INFO  BSP server: Downloaded https://repo1.maven.org/maven2/io/monix/implicitbox_2.12/0.2.0/implicitbox_2.12-0.2.0.jar
2024.11.19 19:08:07 INFO  BSP server: Downloading https://repo1.maven.org/maven2/org/jline/jline-terminal-jansi/3.24.1/jline-terminal-jansi-3.24.1.jar
2024.11.19 19:08:07 INFO  BSP server: Downloaded https://repo1.maven.org/maven2/org/jline/jline-terminal-jansi/3.24.1/jline-terminal-jansi-3.24.1.jar
2024.11.19 19:08:07 INFO  BSP server: Downloading https://repo1.maven.org/maven2/org/scala-sbt/ivy/ivy/2.3.0-sbt-396a783bba347016e7fe30dacc60d355be607fe2/ivy-2.3.0-sbt-396a783bba347016e7fe30dacc60d355be607fe2.jar
2024.11.19 19:08:07 INFO  BSP server: Downloaded https://repo1.maven.org/maven2/org/ow2/asm/asm/9.7.1/asm-9.7.1.jar
2024.11.19 19:08:07 INFO  BSP server: Downloading https://repo1.maven.org/maven2/io/zipkin/reporter2/zipkin-sender-urlconnection/2.17.2/zipkin-sender-urlconnection-2.17.2.jar
2024.11.19 19:08:07 INFO  BSP server: Downloaded https://repo1.maven.org/maven2/io/zipkin/reporter2/zipkin-sender-urlconnection/2.17.2/zipkin-sender-urlconnection-2.17.2.jar
2024.11.19 19:08:07 INFO  BSP server: Downloading https://repo1.maven.org/maven2/io/monix/monix-catnap_2.12/3.2.0/monix-catnap_2.12-3.2.0.jar
2024.11.19 19:08:07 INFO  BSP server: Downloaded https://repo1.maven.org/maven2/org/scalaz/scalaz-core_2.12/7.3.8/scalaz-core_2.12-7.3.8.jar
2024.11.19 19:08:07 INFO  BSP server: Downloading https://repo1.maven.org/maven2/ch/qos/logback/logback-classic/1.5.9/logback-classic-1.5.9.jar
2024.11.19 19:08:08 INFO  BSP server: Downloaded https://repo1.maven.org/maven2/io/monix/monix-catnap_2.12/3.2.0/monix-catnap_2.12-3.2.0.jar
2024.11.19 19:08:08 INFO  BSP server: Downloading https://repo1.maven.org/maven2/io/monix/monix-java_2.12/3.2.0/monix-java_2.12-3.2.0.jar
2024.11.19 19:08:08 INFO  BSP server: Downloaded https://repo1.maven.org/maven2/ch/qos/logback/logback-classic/1.5.9/logback-classic-1.5.9.jar
2024.11.19 19:08:08 INFO  BSP server: Downloading https://repo1.maven.org/maven2/org/scala-sbt/sbinary_2.12/0.5.1/sbinary_2.12-0.5.1.jar
2024.11.19 19:08:08 INFO  BSP server: Downloaded https://repo1.maven.org/maven2/org/scala-sbt/sbinary_2.12/0.5.1/sbinary_2.12-0.5.1.jar
2024.11.19 19:08:08 INFO  BSP server: Downloading https://repo1.maven.org/maven2/io/monix/monix-execution_2.12/3.2.0/monix-execution_2.12-3.2.0.jar
2024.11.19 19:08:08 INFO  BSP server: Downloaded https://repo1.maven.org/maven2/io/monix/monix-java_2.12/3.2.0/monix-java_2.12-3.2.0.jar
2024.11.19 19:08:08 INFO  BSP server: Downloading https://repo1.maven.org/maven2/org/scala-lang/modules/scala-xml_2.12/2.3.0/scala-xml_2.12-2.3.0.jar
2024.11.19 19:08:08 INFO  BSP server: Downloaded https://repo1.maven.org/maven2/org/scala-sbt/ivy/ivy/2.3.0-sbt-396a783bba347016e7fe30dacc60d355be607fe2/ivy-2.3.0-sbt-396a783bba347016e7fe30dacc60d355be607fe2.jar
2024.11.19 19:08:08 INFO  BSP server: Downloading https://repo1.maven.org/maven2/com/lihaoyi/pprint_2.12/0.9.0/pprint_2.12-0.9.0.jar
2024.11.19 19:08:08 INFO  BSP server: Downloaded https://repo1.maven.org/maven2/com/lihaoyi/pprint_2.12/0.9.0/pprint_2.12-0.9.0.jar
2024.11.19 19:08:08 INFO  BSP server: Downloading https://repo1.maven.org/maven2/org/scala-sbt/util-interface/1.10.1/util-interface-1.10.1.jar
2024.11.19 19:08:08 INFO  BSP server: Downloaded https://repo1.maven.org/maven2/org/scala-lang/scala-reflect/2.12.20/scala-reflect-2.12.20.jar
2024.11.19 19:08:08 INFO  BSP server: Downloading https://repo1.maven.org/maven2/org/ow2/asm/asm-tree/9.7.1/asm-tree-9.7.1.jar
2024.11.19 19:08:08 INFO  BSP server: Downloaded https://repo1.maven.org/maven2/org/scala-lang/modules/scala-xml_2.12/2.3.0/scala-xml_2.12-2.3.0.jar
2024.11.19 19:08:08 INFO  BSP server: Downloading https://repo1.maven.org/maven2/org/fusesource/jansi/jansi/2.4.1/jansi-2.4.1.jar
2024.11.19 19:08:08 INFO  BSP server: Downloaded https://repo1.maven.org/maven2/org/scala-lang/scala-compiler/2.12.20/scala-compiler-2.12.20.jar
2024.11.19 19:08:08 INFO  BSP server: Downloading https://repo1.maven.org/maven2/org/scala-lang/modules/scala-collection-compat_2.12/2.12.0/scala-collection-compat_2.12-2.12.0.jar
2024.11.19 19:08:08 INFO  BSP server: Downloaded https://repo1.maven.org/maven2/org/ow2/asm/asm-tree/9.7.1/asm-tree-9.7.1.jar
2024.11.19 19:08:08 INFO  BSP server: Downloading https://repo1.maven.org/maven2/org/scala-sbt/util-relation_2.12/1.10.1/util-relation_2.12-1.10.1.jar
2024.11.19 19:08:08 INFO  BSP server: Downloaded https://repo1.maven.org/maven2/org/scala-lang/modules/scala-collection-compat_2.12/2.12.0/scala-collection-compat_2.12-2.12.0.jar
2024.11.19 19:08:08 INFO  BSP server: Downloading https://repo1.maven.org/maven2/net/openhft/zero-allocation-hashing/0.16/zero-allocation-hashing-0.16.jar
2024.11.19 19:08:08 INFO  BSP server: Downloaded https://repo1.maven.org/maven2/org/scala-sbt/util-interface/1.10.1/util-interface-1.10.1.jar
2024.11.19 19:08:08 INFO  BSP server: Downloading https://repo1.maven.org/maven2/org/scalameta/trees_2.12/4.9.9/trees_2.12-4.9.9.jar
2024.11.19 19:08:08 INFO  BSP server: Downloaded https://repo1.maven.org/maven2/org/fusesource/jansi/jansi/2.4.1/jansi-2.4.1.jar
2024.11.19 19:08:08 INFO  BSP server: Downloaded https://repo1.maven.org/maven2/net/openhft/zero-allocation-hashing/0.16/zero-allocation-hashing-0.16.jar
2024.11.19 19:08:08 INFO  BSP server: Downloaded https://repo1.maven.org/maven2/org/scala-sbt/util-relation_2.12/1.10.1/util-relation_2.12-1.10.1.jar
2024.11.19 19:08:08 INFO  BSP server: Downloaded https://repo1.maven.org/maven2/org/scala-lang/scala-library/2.12.20/scala-library-2.12.20.jar
2024.11.19 19:08:08 WARN  No build session currently active to reload. Attempting to reconnect.
2024.11.19 19:08:08 INFO  Attempting to connect to the build server...
2024.11.19 19:08:08 INFO  Running BSP server List(C:\Program Files\scala-cli-x86_64-pc-win32\scala-cli.EXE, bsp, --json-options, C:\Users\somes\OneDrive\Documents\GitHub\scala\.scala-build\ide-options-v2.json, --json-launcher-options, C:\Users\somes\OneDrive\Documents\GitHub\scala\.scala-build\ide-launcher-options.json, --envs-file, C:\Users\somes\OneDrive\Documents\GitHub\scala\.scala-build\ide-envs.json, C:\Users\somes\OneDrive\Documents\GitHub\scala)
2024.11.19 19:08:08 INFO  BSP server: Downloaded https://repo1.maven.org/maven2/io/monix/monix-execution_2.12/3.2.0/monix-execution_2.12-3.2.0.jar
2024.11.19 19:08:09 INFO  BSP server: Downloaded https://repo1.maven.org/maven2/org/scalameta/trees_2.12/4.9.9/trees_2.12-4.9.9.jar
2024.11.19 19:08:09 INFO  BSP server: Starting compilation server
2024.11.19 19:08:10 INFO  tracing is disabled for protocol BSP, to enable tracing of incoming and outgoing JSON messages create an empty file at C:\Users\somes\OneDrive\Documents\GitHub\scala\.metals\bsp.trace.json or C:\Users\somes\AppData\Local\scalameta\metals\cache\bsp.trace.json
2024.11.19 19:08:11 INFO  BSP server: Starting compilation server
2024.11.19 19:08:12 INFO  BSP server: Error: java.nio.file.AccessDeniedException: C:\Users\somes\AppData\Local\ScalaCli\cache\.bsp-sockets.tmp-35660 -> C:\Users\somes\AppData\Local\ScalaCli\cache\bsp-sockets
2024.11.19 19:08:12 INFO  BSP server: For more details, please see 'C:\Users\somes\OneDrive\Documents\GitHub\scala\.scala-build\stacktraces\1732072092-12526024123920110579.log'
2024.11.19 19:08:13 INFO  BSP server: Downloading https://repo1.maven.org/maven2/org/scala-lang/scala3-compiler_3/3.5.2/scala3-compiler_3-3.5.2.pom
2024.11.19 19:08:13 INFO  BSP server: Downloaded https://repo1.maven.org/maven2/org/scala-lang/scala3-compiler_3/3.5.2/scala3-compiler_3-3.5.2.pom
2024.11.19 19:08:13 INFO  BSP server: Downloading https://repo1.maven.org/maven2/org/scala-lang/scala3-interfaces/3.5.2/scala3-interfaces-3.5.2.pom
2024.11.19 19:08:13 INFO  BSP server: Downloading https://repo1.maven.org/maven2/org/scala-lang/scala3-library_3/3.5.2/scala3-library_3-3.5.2.pom
2024.11.19 19:08:13 INFO  BSP server: Downloading https://repo1.maven.org/maven2/org/scala-lang/tasty-core_3/3.5.2/tasty-core_3-3.5.2.pom
2024.11.19 19:08:13 INFO  BSP server: Downloaded https://repo1.maven.org/maven2/org/scala-lang/scala3-interfaces/3.5.2/scala3-interfaces-3.5.2.pom
2024.11.19 19:08:13 INFO  BSP server: Downloaded https://repo1.maven.org/maven2/org/scala-lang/tasty-core_3/3.5.2/tasty-core_3-3.5.2.pom
2024.11.19 19:08:13 INFO  BSP server: Downloaded https://repo1.maven.org/maven2/org/scala-lang/scala3-library_3/3.5.2/scala3-library_3-3.5.2.pom
2024.11.19 19:08:13 INFO  BSP server: Downloading https://repo1.maven.org/maven2/org/scala-lang/scala3-compiler_3/3.5.2/scala3-compiler_3-3.5.2.jar
2024.11.19 19:08:13 INFO  BSP server: Downloading https://repo1.maven.org/maven2/org/scala-lang/scala3-library_3/3.5.2/scala3-library_3-3.5.2.jar
2024.11.19 19:08:13 INFO  BSP server: Downloading https://repo1.maven.org/maven2/org/scala-lang/scala3-interfaces/3.5.2/scala3-interfaces-3.5.2.jar
2024.11.19 19:08:13 INFO  BSP server: Downloading https://repo1.maven.org/maven2/org/scala-lang/tasty-core_3/3.5.2/tasty-core_3-3.5.2.jar
2024.11.19 19:08:13 INFO  BSP server: Downloaded https://repo1.maven.org/maven2/org/scala-lang/scala3-interfaces/3.5.2/scala3-interfaces-3.5.2.jar
2024.11.19 19:08:13 INFO  BSP server: Downloaded https://repo1.maven.org/maven2/org/scala-lang/tasty-core_3/3.5.2/tasty-core_3-3.5.2.jar
2024.11.19 19:08:13 INFO  BSP server: Downloaded https://repo1.maven.org/maven2/org/scala-lang/scala3-library_3/3.5.2/scala3-library_3-3.5.2.jar
2024.11.19 19:08:15 INFO  BSP server: Downloaded https://repo1.maven.org/maven2/org/scala-lang/scala3-compiler_3/3.5.2/scala3-compiler_3-3.5.2.jar
2024.11.19 19:08:15 INFO  BSP server: Downloading https://repo1.maven.org/maven2/org/scala-lang/scala3-sbt-bridge/3.5.2/scala3-sbt-bridge-3.5.2.pom
2024.11.19 19:08:15 INFO  BSP server: Downloaded https://repo1.maven.org/maven2/org/scala-lang/scala3-sbt-bridge/3.5.2/scala3-sbt-bridge-3.5.2.pom
2024.11.19 19:08:15 INFO  BSP server: Downloading https://repo1.maven.org/maven2/org/scala-lang/scala3-sbt-bridge/3.5.2/scala3-sbt-bridge-3.5.2.jar
2024.11.19 19:08:15 INFO  BSP server: Downloaded https://repo1.maven.org/maven2/org/scala-lang/scala3-sbt-bridge/3.5.2/scala3-sbt-bridge-3.5.2.jar
2024.11.19 19:08:15 INFO  BSP server: Downloading https://repo1.maven.org/maven2/org/scala-lang/scala3-library_3/3.5.2/scala3-library_3-3.5.2-sources.jar
2024.11.19 19:08:15 INFO  BSP server: Downloaded https://repo1.maven.org/maven2/org/scala-lang/scala3-library_3/3.5.2/scala3-library_3-3.5.2-sources.jar
2024.11.19 19:08:15 INFO  BSP server: Downloading https://repo1.maven.org/maven2/com/sourcegraph/semanticdb-javac/0.10.0/semanticdb-javac-0.10.0.pom
2024.11.19 19:08:15 INFO  BSP server: Downloaded https://repo1.maven.org/maven2/com/sourcegraph/semanticdb-javac/0.10.0/semanticdb-javac-0.10.0.pom
2024.11.19 19:08:15 INFO  BSP server: Downloading https://repo1.maven.org/maven2/com/sourcegraph/semanticdb-javac/0.10.0/semanticdb-javac-0.10.0.jar
2024.11.19 19:08:15 INFO  BSP server: Downloaded https://repo1.maven.org/maven2/com/sourcegraph/semanticdb-javac/0.10.0/semanticdb-javac-0.10.0.jar
2024.11.19 19:08:17 INFO  time: Connected to build server in 19s
2024.11.19 19:08:17 INFO  Connected to Build server: scala-cli v1.5.3
2024.11.19 19:08:17 INFO  time: Imported build in 0.34s
2024.11.19 19:08:17 INFO  running doctor check
2024.11.19 19:08:17 INFO  java targets: scala_9e528805c5, scala_9e528805c5-test
2024.11.19 19:08:19 INFO  compiling scala_9e528805c5 (1 scala source)
2024.11.19 19:08:24 WARN  Flyway upgrade recommended: H2 2.3.232 is newer than this version of Flyway and support has not been tested. The latest supported version of H2 is 2.2.224.
2024.11.19 19:08:28 INFO  time: compiled scala_9e528805c5 in 8.72s
2024.11.19 19:08:28 INFO  compiling scala_9e528805c5 (1 scala source)
2024.11.19 19:08:29 INFO  time: compiled scala_9e528805c5 in 1.26s
2024.11.19 19:08:48 INFO  time: indexed workspace in 30s
2024.11.19 19:09:10 ERROR Timeout waiting for 'build/initialize' response
2024.11.19 19:09:10 WARN  Retrying connection to the build server scala-cli
2024.11.19 19:09:10 INFO  Running BSP server List(C:\Program Files\scala-cli-x86_64-pc-win32\scala-cli.EXE, bsp, --json-options, C:\Users\somes\OneDrive\Documents\GitHub\scala\.scala-build\ide-options-v2.json, --json-launcher-options, C:\Users\somes\OneDrive\Documents\GitHub\scala\.scala-build\ide-launcher-options.json, --envs-file, C:\Users\somes\OneDrive\Documents\GitHub\scala\.scala-build\ide-envs.json, C:\Users\somes\OneDrive\Documents\GitHub\scala)
2024.11.19 19:09:11 INFO  tracing is disabled for protocol BSP, to enable tracing of incoming and outgoing JSON messages create an empty file at C:\Users\somes\OneDrive\Documents\GitHub\scala\.metals\bsp.trace.json or C:\Users\somes\AppData\Local\scalameta\metals\cache\bsp.trace.json
2024.11.19 19:09:11 INFO  time: Connected to build server in 1m3s
2024.11.19 19:09:11 INFO  Connected to Build server: scala-cli v1.5.3
2024.11.19 19:09:11 INFO  running doctor check
2024.11.19 19:09:11 INFO  java targets: scala_9e528805c5, scala_9e528805c5-test
2024.11.19 19:09:14 INFO  time: indexed workspace in 2.13s
Nov 19, 2024 7:16:40 PM org.eclipse.lsp4j.jsonrpc.RemoteEndpoint handleCancellation
WARNING: Unmatched cancel notification for request id 57
Nov 19, 2024 7:18:22 PM org.eclipse.lsp4j.jsonrpc.RemoteEndpoint handleCancellation
WARNING: Unmatched cancel notification for request id 272
2024.11.19 19:20:45 INFO  compiling scala_9e528805c5 (1 scala source)
2024.11.19 19:20:48 INFO  time: compiled scala_9e528805c5 in 3.39s
2024.11.19 19:21:15 INFO  compiling scala_9e528805c5 (1 scala source)
2024.11.19 19:21:16 INFO  time: compiled scala_9e528805c5 in 1.87s
2024.11.19 19:21:40 INFO  compiling scala_9e528805c5 (1 scala source)
2024.11.19 19:21:41 INFO  time: compiled scala_9e528805c5 in 1.04s
2024.11.19 19:22:04 INFO  compiling scala_9e528805c5 (1 scala source)
2024.11.19 19:22:04 INFO  time: compiled scala_9e528805c5 in 0.37s
2024.11.19 19:23:01 INFO  compiling scala_9e528805c5 (1 scala source)
2024.11.19 19:23:01 INFO  time: compiled scala_9e528805c5 in 0.2s
2024.11.19 19:23:32 INFO  compiling scala_9e528805c5 (1 scala source)
2024.11.19 19:23:32 INFO  time: compiled scala_9e528805c5 in 0.8s
2024.11.19 19:29:10 INFO  compiling scala_9e528805c5 (1 scala source)
2024.11.19 19:29:10 INFO  time: compiled scala_9e528805c5 in 0.67s
2024.11.19 19:29:37 INFO  compiling scala_9e528805c5 (1 scala source)
2024.11.19 19:29:37 INFO  time: compiled scala_9e528805c5 in 0.52s
Nov 19, 2024 7:32:56 PM org.eclipse.lsp4j.jsonrpc.RemoteEndpoint handleCancellation
WARNING: Unmatched cancel notification for request id 1753
2024.11.19 19:33:16 INFO  compiling scala_9e528805c5 (1 scala source)
2024.11.19 19:33:16 INFO  time: compiled scala_9e528805c5 in 0.87s
Nov 19, 2024 7:38:49 PM org.eclipse.lsp4j.jsonrpc.RemoteEndpoint handleCancellation
WARNING: Unmatched cancel notification for request id 1894
2024.11.19 19:40:17 INFO  compiling scala_9e528805c5 (1 scala source)
2024.11.19 19:40:17 INFO  time: compiled scala_9e528805c5 in 0.26s
2024.11.19 19:47:31 INFO  compiling scala_9e528805c5 (1 scala source)
2024.11.19 19:47:32 INFO  time: compiled scala_9e528805c5 in 1.22s
2024.11.19 19:47:47 INFO  compiling scala_9e528805c5 (1 scala source)
2024.11.19 19:47:47 INFO  time: compiled scala_9e528805c5 in 0.67s
2024.11.19 19:48:54 INFO  compiling scala_9e528805c5 (1 scala source)
2024.11.19 19:48:54 INFO  time: compiled scala_9e528805c5 in 0.6s
Nov 19, 2024 7:55:10 PM org.eclipse.lsp4j.jsonrpc.RemoteEndpoint handleCancellation
WARNING: Unmatched cancel notification for request id 2451
2024.11.19 19:55:14 INFO  compiling scala_9e528805c5 (1 scala source)
2024.11.19 19:55:14 INFO  time: compiled scala_9e528805c5 in 0.63s
2024.11.19 19:59:59 INFO  compiling scala_9e528805c5 (1 scala source)
2024.11.19 19:59:59 INFO  time: compiled scala_9e528805c5 in 0.65s
2024.11.19 20:04:20 INFO  compiling scala_9e528805c5 (1 scala source)
2024.11.19 20:04:20 INFO  time: compiled scala_9e528805c5 in 0.63s
Nov 19, 2024 8:04:56 PM org.eclipse.lsp4j.jsonrpc.RemoteEndpoint handleCancellation
WARNING: Unmatched cancel notification for request id 2711
Nov 19, 2024 8:04:57 PM org.eclipse.lsp4j.jsonrpc.RemoteEndpoint handleCancellation
WARNING: Unmatched cancel notification for request id 2719
Nov 19, 2024 8:04:57 PM org.eclipse.lsp4j.jsonrpc.RemoteEndpoint handleCancellation
WARNING: Unmatched cancel notification for request id 2720
Nov 19, 2024 8:04:57 PM org.eclipse.lsp4j.jsonrpc.RemoteEndpoint handleCancellation
WARNING: Unmatched cancel notification for request id 2721
Nov 19, 2024 8:04:57 PM org.eclipse.lsp4j.jsonrpc.RemoteEndpoint handleCancellation
WARNING: Unmatched cancel notification for request id 2723
Nov 19, 2024 8:05:00 PM org.eclipse.lsp4j.jsonrpc.RemoteEndpoint handleCancellation
WARNING: Unmatched cancel notification for request id 2753
2024.11.19 20:05:02 INFO  compiling scala_9e528805c5 (1 scala source)
2024.11.19 20:05:02 INFO  time: compiled scala_9e528805c5 in 0.42s
Nov 19, 2024 8:09:49 PM org.eclipse.lsp4j.jsonrpc.RemoteEndpoint handleCancellation
WARNING: Unmatched cancel notification for request id 2946
Nov 19, 2024 8:09:58 PM org.eclipse.lsp4j.jsonrpc.RemoteEndpoint handleCancellation
WARNING: Unmatched cancel notification for request id 2997
Nov 19, 2024 8:11:11 PM org.eclipse.lsp4j.jsonrpc.RemoteEndpoint handleCancellation
WARNING: Unmatched cancel notification for request id 3043
2024.11.19 20:11:25 INFO  compiling scala_9e528805c5 (1 scala source)
2024.11.19 20:11:25 INFO  time: compiled scala_9e528805c5 in 0.23s
2024.11.19 20:11:42 INFO  compiling scala_9e528805c5 (1 scala source)
2024.11.19 20:11:42 INFO  time: compiled scala_9e528805c5 in 0.44s
2024.11.19 20:12:21 INFO  compiling scala_9e528805c5 (1 scala source)
2024.11.19 20:12:21 INFO  time: compiled scala_9e528805c5 in 0.46s
2024.11.19 20:12:53 INFO  compiling scala_9e528805c5 (1 scala source)
2024.11.19 20:12:53 INFO  time: compiled scala_9e528805c5 in 0.13s
2024.11.19 20:13:12 INFO  compiling scala_9e528805c5 (1 scala source)
2024.11.19 20:13:12 INFO  time: compiled scala_9e528805c5 in 0.63s
2024.11.19 20:13:36 INFO  compiling scala_9e528805c5 (1 scala source)
2024.11.19 20:13:36 INFO  time: compiled scala_9e528805c5 in 0.81s
Nov 19, 2024 8:13:49 PM org.eclipse.lsp4j.jsonrpc.RemoteEndpoint handleCancellation
WARNING: Unmatched cancel notification for request id 3403
2024.11.19 20:13:56 INFO  compiling scala_9e528805c5 (1 scala source)
2024.11.19 20:13:56 INFO  time: compiled scala_9e528805c5 in 0.31s
Nov 19, 2024 8:15:24 PM org.eclipse.lsp4j.jsonrpc.RemoteEndpoint handleCancellation
WARNING: Unmatched cancel notification for request id 3595
2024.11.19 20:17:49 INFO  compiling scala_9e528805c5 (1 scala source)
2024.11.19 20:17:49 INFO  time: compiled scala_9e528805c5 in 0.44s
2024.11.19 20:18:21 INFO  compiling scala_9e528805c5 (1 scala source)
2024.11.19 20:18:21 INFO  time: compiled scala_9e528805c5 in 0.18s
2024.11.19 20:18:51 INFO  compiling scala_9e528805c5 (1 scala source)
2024.11.19 20:18:51 WARN  there was 1 deprecation warning; re-run with -deprecation for details
2024.11.19 20:18:51 INFO  time: compiled scala_9e528805c5 in 0.83s
Nov 19, 2024 8:20:40 PM org.eclipse.lsp4j.jsonrpc.RemoteEndpoint handleCancellation
WARNING: Unmatched cancel notification for request id 4090
2024.11.19 21:30:03 INFO  compiling scala_9e528805c5 (1 scala source)
2024.11.19 21:30:11 WARN  there was 1 deprecation warning; re-run with -deprecation for details
2024.11.19 21:30:13 INFO  time: compiled scala_9e528805c5 in 9.97s
2024.11.19 21:30:50 INFO  compiling scala_9e528805c5 (1 scala source)
2024.11.19 21:30:50 INFO  time: compiled scala_9e528805c5 in 0.52s
2024.11.19 21:30:51 WARN  Could not load snapshot text for C:\Users\somes\OneDrive\Documents\GitHub\scala\HelloWorld.scala
2024.11.19 21:31:08 WARN  Could not load snapshot text for C:\Users\somes\OneDrive\Documents\GitHub\scala\HelloWorld.scala
2024.11.19 21:31:09 WARN  Could not load snapshot text for C:\Users\somes\OneDrive\Documents\GitHub\scala\HelloWorld.scala
2024.11.19 21:31:09 WARN  Could not load snapshot text for C:\Users\somes\OneDrive\Documents\GitHub\scala\HelloWorld.scala
2024.11.19 21:31:09 WARN  Could not load snapshot text for C:\Users\somes\OneDrive\Documents\GitHub\scala\HelloWorld.scala
2024.11.19 21:31:12 WARN  Could not load snapshot text for C:\Users\somes\OneDrive\Documents\GitHub\scala\HelloWorld.scala
2024.11.19 21:31:13 WARN  Could not load snapshot text for C:\Users\somes\OneDrive\Documents\GitHub\scala\HelloWorld.scala
2024.11.19 21:31:15 INFO  compiling scala_9e528805c5 (1 scala source)
2024.11.19 21:31:15 INFO  time: compiled scala_9e528805c5 in 0.27s
2024.11.19 21:31:16 WARN  Could not load snapshot text for C:\Users\somes\OneDrive\Documents\GitHub\scala\HelloWorld.scala
2024.11.19 21:31:49 WARN  Could not load snapshot text for C:\Users\somes\OneDrive\Documents\GitHub\scala\HelloWorld.scala
2024.11.19 21:31:51 WARN  Could not load snapshot text for C:\Users\somes\OneDrive\Documents\GitHub\scala\HelloWorld.scala
2024.11.19 21:31:51 WARN  Could not load snapshot text for C:\Users\somes\OneDrive\Documents\GitHub\scala\HelloWorld.scala
2024.11.19 21:32:06 WARN  Could not load snapshot text for C:\Users\somes\OneDrive\Documents\GitHub\scala\HelloWorld.scala
2024.11.19 21:32:11 WARN  Could not load snapshot text for C:\Users\somes\OneDrive\Documents\GitHub\scala\HelloWorld.scala
2024.11.19 21:32:11 WARN  Could not load snapshot text for C:\Users\somes\OneDrive\Documents\GitHub\scala\HelloWorld.scala
2024.11.19 21:32:26 WARN  Could not load snapshot text for C:\Users\somes\OneDrive\Documents\GitHub\scala\HelloWorld.scala
2024.11.19 21:32:29 WARN  Could not load snapshot text for C:\Users\somes\OneDrive\Documents\GitHub\scala\HelloWorld.scala
2024.11.19 21:32:39 WARN  Could not load snapshot text for C:\Users\somes\OneDrive\Documents\GitHub\scala\HelloWorld.scala
2024.11.19 21:32:40 WARN  Could not load snapshot text for C:\Users\somes\OneDrive\Documents\GitHub\scala\HelloWorld.scala
2024.11.19 21:32:47 WARN  Could not load snapshot text for C:\Users\somes\OneDrive\Documents\GitHub\scala\HelloWorld.scala
2024.11.19 21:32:47 WARN  Could not load snapshot text for C:\Users\somes\OneDrive\Documents\GitHub\scala\HelloWorld.scala
2024.11.19 21:32:50 WARN  Could not load snapshot text for C:\Users\somes\OneDrive\Documents\GitHub\scala\HelloWorld.scala
2024.11.19 21:32:52 WARN  Could not load snapshot text for C:\Users\somes\OneDrive\Documents\GitHub\scala\HelloWorld.scala
2024.11.19 21:34:11 INFO  compiling scala_9e528805c5 (1 scala source)
2024.11.19 21:34:14 WARN  there was 1 deprecation warning; re-run with -deprecation for details
2024.11.19 21:34:14 INFO  time: compiled scala_9e528805c5 in 3.63s
2024.11.19 21:34:36 INFO  compiling scala_9e528805c5 (1 scala source)
2024.11.19 21:34:38 WARN  there was 1 deprecation warning; re-run with -deprecation for details
2024.11.19 21:34:38 INFO  time: compiled scala_9e528805c5 in 2.03s
Nov 19, 2024 9:35:00 PM org.eclipse.lsp4j.jsonrpc.RemoteEndpoint handleCancellation
WARNING: Unmatched cancel notification for request id 4787
2024.11.19 21:35:06 INFO  compiling scala_9e528805c5 (1 scala source)
2024.11.19 21:35:06 WARN  there was 1 deprecation warning; re-run with -deprecation for details
2024.11.19 21:35:06 INFO  time: compiled scala_9e528805c5 in 0.94s
Nov 19, 2024 9:35:52 PM org.eclipse.lsp4j.jsonrpc.RemoteEndpoint handleCancellation
WARNING: Unmatched cancel notification for request id 4864
2024.11.19 21:36:01 INFO  compiling scala_9e528805c5 (1 scala source)
2024.11.19 21:36:02 WARN  there was 1 deprecation warning; re-run with -deprecation for details
2024.11.19 21:36:02 INFO  time: compiled scala_9e528805c5 in 1.5s
2024.11.19 21:36:29 INFO  compiling scala_9e528805c5 (1 scala source)
2024.11.19 21:36:29 WARN  there was 1 deprecation warning; re-run with -deprecation for details
2024.11.19 21:36:29 INFO  time: compiled scala_9e528805c5 in 0.53s
2024.11.19 21:37:16 INFO  compiling scala_9e528805c5 (1 scala source)
2024.11.19 21:37:16 WARN  there was 1 deprecation warning; re-run with -deprecation for details
2024.11.19 21:37:16 INFO  time: compiled scala_9e528805c5 in 0.87s
2024.11.19 21:38:28 INFO  compiling scala_9e528805c5 (1 scala source)
2024.11.19 21:38:28 INFO  time: compiled scala_9e528805c5 in 0.18s
2024.11.19 21:38:40 INFO  compiling scala_9e528805c5 (1 scala source)
2024.11.19 21:38:40 WARN  there was 1 deprecation warning; re-run with -deprecation for details
2024.11.19 21:38:40 INFO  time: compiled scala_9e528805c5 in 0.6s
2024.11.19 22:19:17 INFO  Shutting down server
2024.11.19 22:19:17 INFO  shutting down Metals
2024.11.19 22:19:18 INFO  Shut down connection with build server.
2024.11.19 22:19:18 INFO  Exiting server
